#
# A fatal error has been detected by the Java Runtime Environment:
#
#  EXCEPTION_ACCESS_VIOLATION (0xc0000005) at pc=0x6435c21d, pid=2180, tid=0x00001790
#
# JRE version: Java(TM) SE Runtime Environment (8.0_111-b14) (build 1.8.0_111-b14)
# Java VM: Java HotSpot(TM) Client VM (25.111-b14 mixed mode, sharing windows-x86 )
# Problematic frame:
# C  0x6435c21d
#
# Failed to write core dump. Minidumps are not enabled by default on client versions of Windows
#
# If you would like to submit a bug report, please visit:
#   http://bugreport.java.com/bugreport/crash.jsp
# The crash happened outside the Java Virtual Machine in native code.
# See problematic frame for where to report the bug.
#

---------------  T H R E A D  ---------------

Current thread (0x19eecc00):  JavaThread "URL-Loader-2147" daemon [_thread_in_native, id=6032, stack(0x30b60000,0x30bb0000)]

siginfo: ExceptionCode=0xc0000005, ExceptionInformation=0x00000008 0x6435c21d

Registers:
EAX=0x30bae1a4, EBX=0x000001b6, ECX=0x00000000, EDX=0x1a158a6c
ESP=0x30bae168, EBP=0x30bae20c, ESI=0x30bae1a4, EDI=0x000001b6
EIP=0x6435c21d, EFLAGS=0x00010202

Top of Stack: (sp=0x30bae168)
0x30bae168:   77aa6c1e 6e0e60bf 00001a58 30bae1a4
0x30bae178:   000001b6 00000000 12358320 19eecc00
0x30bae188:   000001b6 30bae9e0 00001a58 00000000
0x30bae198:   00000000 19eecd40 00000800 20544547
0x30bae1a8:   73626d2f 656d6f68 73626d2f 76616e2f
0x30bae1b8:   73632f79 6f662f73 632e6d72 48207373
0x30bae1c8:   2f505454 0d312e31 6363410a 2d747065
0x30bae1d8:   676e614c 65676175 6f6b203a 2c726b2d 

Instructions: (pc=0x6435c21d)
0x6435c1fd:   01 a5 03 15 f9 01 08 fd 67 01 32 fe da 01 07 58
0x6435c20d:   07 08 55 08 0c 05 05 05 5c 06 5f 5a a0 5a 5a a0
0x6435c21d:   00 00 00 00 04 00 28 ff 64 03 5f 03 04 00 1a 00
0x6435c22d:   3c 00 48 00 4c 00 00 01 23 15 36 37 17 06 06 07 


Register to memory mapping:

EAX=0x30bae1a4 is pointing into the stack for thread: 0x19eecc00
EBX=0x000001b6 is an unknown value
ECX=0x00000000 is an unknown value
EDX=0x1a158a6c is an unknown value
ESP=0x30bae168 is pointing into the stack for thread: 0x19eecc00
EBP=0x30bae20c is pointing into the stack for thread: 0x19eecc00
ESI=0x30bae1a4 is pointing into the stack for thread: 0x19eecc00
EDI=0x000001b6 is an unknown value


Stack: [0x30b60000,0x30bb0000],  sp=0x30bae168,  free space=312k
Native frames: (J=compiled Java code, j=interpreted, Vv=VM code, C=native code)
C  0x6435c21d
C  0x0d70697a

Java frames: (J=compiled Java code, j=interpreted, Vv=VM code)
J 3122  java.net.SocketOutputStream.socketWrite0(Ljava/io/FileDescriptor;[BII)V (0 bytes) @ 0x019ca94a [0x019ca8d0+0x7a]
J 65245 C1 java.net.SocketOutputStream.socketWrite([BII)V (121 bytes) @ 0x019d62f4 [0x019d6260+0x94]
J 65244 C1 java.net.SocketOutputStream.write([BII)V (8 bytes) @ 0x01bce030 [0x01bce000+0x30]
J 64501 C1 java.io.BufferedOutputStream.flush()V (12 bytes) @ 0x01adb9a4 [0x01adb8a0+0x104]
J 64436 C1 sun.net.www.MessageHeader.print(Ljava/io/PrintStream;)V (105 bytes) @ 0x01cf1434 [0x01cf0f50+0x4e4]
J 63687 C1 sun.net.www.http.HttpClient.writeRequests(Lsun/net/www/MessageHeader;Lsun/net/www/http/PosterOutputStream;)V (47 bytes) @ 0x01cf3acc [0x01cf3a90+0x3c]
J 64132 C1 sun.net.www.protocol.http.HttpURLConnection.writeRequests()V (836 bytes) @ 0x01c908d8 [0x01c8f210+0x16c8]
J 1250 C1 sun.net.www.protocol.http.HttpURLConnection.getInputStream0()Ljava/io/InputStream; (2023 bytes) @ 0x01b34764 [0x01b34310+0x454]
J 1249 C1 sun.net.www.protocol.http.HttpURLConnection.getInputStream()Ljava/io/InputStream; (56 bytes) @ 0x01b333ac [0x01b33150+0x25c]
J 1695 C1 java.net.HttpURLConnection.getResponseCode()I (152 bytes) @ 0x01bdd4fc [0x01bdd4c0+0x3c]
J 1292 C1 com.sun.webkit.network.URLLoader.receiveResponse(Ljava/net/URLConnection;)Lcom/sun/webkit/network/URLLoader$Redirect; (751 bytes) @ 0x01b4ceb4 [0x01b4ce00+0xb4]
J 4583 C1 com.sun.webkit.network.URLLoader.doRun()V (425 bytes) @ 0x01b9fee8 [0x01b9fdd0+0x118]
J 4326 C1 com.sun.webkit.network.URLLoader$$Lambda$102.run()Ljava/lang/Object; (8 bytes) @ 0x01c75a78 [0x01c75a50+0x28]
v  ~StubRoutines::call_stub
J 1363  java.security.AccessController.doPrivileged(Ljava/security/PrivilegedAction;Ljava/security/AccessControlContext;)Ljava/lang/Object; (0 bytes) @ 0x01b65347 [0x01b652e0+0x67]
J 4617 C1 com.sun.webkit.network.URLLoader.run()V (18 bytes) @ 0x01d05bbc [0x01d05b50+0x6c]
J 2511 C1 java.util.concurrent.Executors$RunnableAdapter.call()Ljava/lang/Object; (14 bytes) @ 0x01ce0d40 [0x01ce0d10+0x30]
J 4656 C1 java.util.concurrent.FutureTask.run()V (126 bytes) @ 0x01d4bde0 [0x01d4bd50+0x90]
J 2865 C1 java.util.concurrent.ThreadPoolExecutor.runWorker(Ljava/util/concurrent/ThreadPoolExecutor$Worker;)V (225 bytes) @ 0x01d56a40 [0x01d56840+0x200]
j  java.util.concurrent.ThreadPoolExecutor$Worker.run()V+5
j  java.lang.Thread.run()V+11
v  ~StubRoutines::call_stub

---------------  P R O C E S S  ---------------

Java Threads: ( => current thread )
  0x1a293800 JavaThread "Thread-642588" daemon [_thread_blocked, id=1568, stack(0x28100000,0x28150000)]
  0x1a479800 JavaThread "Thread-642552" daemon [_thread_blocked, id=5832, stack(0x1e5b0000,0x1e600000)]
  0x1a293000 JavaThread "Thread-642551" daemon [_thread_blocked, id=6108, stack(0x338b0000,0x33900000)]
  0x1a6a2c00 JavaThread "Thread-642550" daemon [_thread_blocked, id=3008, stack(0x33e90000,0x33ee0000)]
  0x1a6a2400 JavaThread "Thread-642549" daemon [_thread_blocked, id=5432, stack(0x33210000,0x33260000)]
  0x1a6a2000 JavaThread "Thread-642522" daemon [_thread_blocked, id=708, stack(0x2e090000,0x2e0e0000)]
  0x19eed800 JavaThread "URL-Loader-2149" daemon [_thread_blocked, id=3936, stack(0x29d60000,0x29db0000)]
  0x19eed000 JavaThread "URL-Loader-2148" daemon [_thread_blocked, id=5192, stack(0x2be10000,0x2be60000)]
=>0x19eecc00 JavaThread "URL-Loader-2147" daemon [_thread_in_native, id=6032, stack(0x30b60000,0x30bb0000)]
  0x1a41f800 JavaThread "URL-Loader-2146" daemon [_thread_blocked, id=3724, stack(0x29b00000,0x29b50000)]
  0x1a41f000 JavaThread "URL-Loader-2145" daemon [_thread_blocked, id=5900, stack(0x2be60000,0x2beb0000)]
  0x1a41ec00 JavaThread "URL-Loader-2144" daemon [_thread_blocked, id=6008, stack(0x28460000,0x284b0000)]
  0x1a41e400 JavaThread "URL-Loader-2143" daemon [_thread_blocked, id=5288, stack(0x2c010000,0x2c060000)]
  0x1a41e000 JavaThread "URL-Loader-2142" daemon [_thread_blocked, id=1472, stack(0x27e40000,0x27e90000)]
  0x19fa3c00 JavaThread "URL-Loader-2141" daemon [_thread_blocked, id=3036, stack(0x252b0000,0x25300000)]
  0x19fa3800 JavaThread "URL-Loader-2140" daemon [_thread_blocked, id=4268, stack(0x2aa00000,0x2aa50000)]
  0x19fa3000 JavaThread "URL-Loader-2139" daemon [_thread_blocked, id=1956, stack(0x2b0b0000,0x2b100000)]
  0x19fa2c00 JavaThread "URL-Loader-2138" daemon [_thread_blocked, id=4376, stack(0x289d0000,0x28a20000)]
  0x19fa2400 JavaThread "URL-Loader-2137" daemon [_thread_blocked, id=6136, stack(0x1f920000,0x1f970000)]
  0x19f09c00 JavaThread "URL-Loader-2136" daemon [_thread_blocked, id=4764, stack(0x2abe0000,0x2ac30000)]
  0x19f09800 JavaThread "URL-Loader-2135" daemon [_thread_blocked, id=1192, stack(0x2a3b0000,0x2a400000)]
  0x19f57400 JavaThread "Keep-Alive-Timer" daemon [_thread_blocked, id=4348, stack(0x2a400000,0x2a450000)]
  0x19f0a400 JavaThread "URL-Loader-2134" daemon [_thread_blocked, id=4920, stack(0x268a0000,0x268f0000)]
  0x19f08c00 JavaThread "URL-Loader-2133" daemon [_thread_blocked, id=6060, stack(0x27e90000,0x27ee0000)]
  0x19f55400 JavaThread "Keep-Alive-SocketCleaner" daemon [_thread_blocked, id=5340, stack(0x28950000,0x289a0000)]
  0x19f09000 JavaThread "URL-Loader-1590" daemon [_thread_in_native, id=5992, stack(0x24ec0000,0x24f10000)]
  0x1a635c00 JavaThread "URL-Loader-1117" daemon [_thread_in_native, id=2604, stack(0x23230000,0x23280000)]
  0x19f15800 JavaThread "URL-Loader-936" daemon [_thread_in_native, id=4620, stack(0x22d60000,0x22db0000)]
  0x19f55c00 JavaThread "Media Resource Disposer" daemon [_thread_blocked, id=6020, stack(0x2aa50000,0x2aaa0000)]
  0x1a03c000 JavaThread "Thread-47" daemon [_thread_in_native, id=2800, stack(0x24fe0000,0x25030000)]
  0x19f50800 JavaThread "Watchdog-Timer-1" daemon [_thread_blocked, id=4924, stack(0x1b040000,0x1b090000)]
  0x1744b800 JavaThread "Timer-10" [_thread_blocked, id=3576, stack(0x1aed0000,0x1af20000)]
  0x1744b400 JavaThread "Prism Font Disposer" daemon [_thread_blocked, id=744, stack(0x184b0000,0x18500000)]
  0x1744ac00 JavaThread "Timer-9" [_thread_blocked, id=5632, stack(0x187c0000,0x18810000)]
  0x1744a000 JavaThread "Timer-8" [_thread_blocked, id=4596, stack(0x18740000,0x18790000)]
  0x17449400 JavaThread "Timer-7" [_thread_blocked, id=4372, stack(0x18670000,0x186c0000)]
  0x17448800 JavaThread "Timer-6" [_thread_blocked, id=4056, stack(0x18500000,0x18550000)]
  0x17447c00 JavaThread "Timer-5" [_thread_blocked, id=5508, stack(0x18310000,0x18360000)]
  0x17446c00 JavaThread "Timer-4" [_thread_blocked, id=4984, stack(0x17f40000,0x17f90000)]
  0x17446000 JavaThread "Timer-3" [_thread_blocked, id=3644, stack(0x18240000,0x18290000)]
  0x17445400 JavaThread "Timer-2" [_thread_blocked, id=4224, stack(0x18110000,0x18160000)]
  0x17444800 JavaThread "Timer-1" [_thread_blocked, id=6132, stack(0x15010000,0x15060000)]
  0x173b9000 JavaThread "Timer-0" [_thread_blocked, id=5480, stack(0x15230000,0x15280000)]
  0x17390800 JavaThread "Disposer" daemon [_thread_blocked, id=6064, stack(0x17850000,0x178a0000)]
  0x14fbe000 JavaThread "Thread-3" daemon [_thread_in_native, id=3516, stack(0x17100000,0x17150000)]
  0x14fc2000 JavaThread "JavaFX-Launcher" [_thread_blocked, id=4916, stack(0x17090000,0x170e0000)]
  0x14f90400 JavaThread "JavaFX Application Thread" [_thread_in_native, id=1908, stack(0x13ba0000,0x13bf0000)]
  0x14f82400 JavaThread "Thread-1" daemon [_thread_blocked, id=1064, stack(0x14680000,0x146d0000)]
  0x14f3f800 JavaThread "QuantumRenderer-0" daemon [_thread_blocked, id=5948, stack(0x150e0000,0x15130000)]
  0x015d4c00 JavaThread "Service Thread" daemon [_thread_blocked, id=1852, stack(0x14790000,0x147e0000)]
  0x015cc800 JavaThread "C1 CompilerThread0" daemon [_thread_blocked, id=4428, stack(0x14dc0000,0x14e10000)]
  0x015cb400 JavaThread "Attach Listener" daemon [_thread_blocked, id=4812, stack(0x14700000,0x14750000)]
  0x015c8800 JavaThread "Signal Dispatcher" daemon [_thread_blocked, id=4476, stack(0x14620000,0x14670000)]
  0x015b1000 JavaThread "Finalizer" daemon [_thread_blocked, id=1384, stack(0x13b40000,0x13b90000)]
  0x01553c00 JavaThread "Reference Handler" daemon [_thread_blocked, id=2044, stack(0x03970000,0x039c0000)]
  0x0042bc00 JavaThread "main" [_thread_blocked, id=5988, stack(0x01870000,0x018c0000)]

Other Threads:
  0x0154f800 VMThread [stack: 0x13ae0000,0x13b30000] [id=4200]
  0x14e58400 WatcherThread [stack: 0x15060000,0x150b0000] [id=5300]

VM state:not at safepoint (normal execution)

VM Mutex/Monitor currently owned by a thread: None

Heap:
 def new generation   total 78656K, used 12617K [0x03a00000, 0x08f50000, 0x08f50000)
  eden space 69952K,   5% used [0x03a00000, 0x03dd25f0, 0x07e50000)
  from space 8704K, 100% used [0x07e50000, 0x086d0000, 0x086d0000)
  to   space 8704K,   0% used [0x086d0000, 0x086d0000, 0x08f50000)
 tenured generation   total 174784K, used 151984K [0x08f50000, 0x13a00000, 0x13a00000)
   the space 174784K,  86% used [0x08f50000, 0x123bc2e8, 0x123bc400, 0x13a00000)
 Metaspace       used 11219K, capacity 11937K, committed 12032K, reserved 12672K

Card table byte_map: [0x01790000,0x01820000] byte_map_base: 0x01773000

Polling page: 0x00120000

CodeCache: size=32768Kb used=4900Kb max_used=5243Kb free=27867Kb
 bounds [0x018c0000, 0x01e10000, 0x038c0000]
 total_blobs=3035 nmethods=2573 adapters=391
 compilation: enabled

Compilation events (10 events):
Event: 2605.526 Thread 0x015cc800 66458             com.sun.prism.impl.BaseResourcePool$$Lambda$197/17156049::test (5 bytes)
Event: 2605.526 Thread 0x015cc800 nmethod 66458 0x01c183c8 code [0x01c184c0, 0x01c18590]
Event: 2605.526 Thread 0x015cc800 66459             com.sun.prism.impl.ManagedResource::isInteresting (13 bytes)
Event: 2605.526 Thread 0x015cc800 nmethod 66459 0x01b081c8 code [0x01b082c0, 0x01b08350]
Event: 2605.526 Thread 0x015cc800 66460             com.sun.prism.impl.BaseResourcePool$$Lambda$198/18885754::test (5 bytes)
Event: 2605.526 Thread 0x015cc800 nmethod 66460 0x01b84308 code [0x01b84400, 0x01b844d0]
Event: 2605.527 Thread 0x015cc800 66461             com.sun.prism.impl.BaseResourcePool$$Lambda$199/33086819::test (5 bytes)
Event: 2605.527 Thread 0x015cc800 nmethod 66461 0x01b840c8 code [0x01b841c0, 0x01b84260]
Event: 2605.545 Thread 0x015cc800 66462             com.sun.prism.impl.ManagedResource::getAge (5 bytes)
Event: 2605.545 Thread 0x015cc800 nmethod 66462 0x01c72d48 code [0x01c72e40, 0x01c72ec0]

GC Heap History (10 events):
Event: 2595.621 GC heap before
{Heap before GC invocations=1645 (full 221):
 def new generation   total 78656K, used 76816K [0x03a00000, 0x08f50000, 0x08f50000)
  eden space 69952K,  98% used [0x03a00000, 0x07d53928, 0x07e50000)
  from space 8704K,  90% used [0x086d0000, 0x08e807e0, 0x08f50000)
  to   space 8704K,   0% used [0x07e50000, 0x07e50000, 0x086d0000)
 tenured generation   total 174784K, used 98812K [0x08f50000, 0x13a00000, 0x13a00000)
   the space 174784K,  56% used [0x08f50000, 0x0efcf210, 0x0efcf400, 0x13a00000)
 Metaspace       used 11219K, capacity 11937K, committed 12032K, reserved 12672K
Event: 2595.635 GC heap after
Heap after GC invocations=1646 (full 221):
 def new generation   total 78656K, used 8704K [0x03a00000, 0x08f50000, 0x08f50000)
  eden space 69952K,   0% used [0x03a00000, 0x03a00000, 0x07e50000)
  from space 8704K, 100% used [0x07e50000, 0x086d0000, 0x086d0000)
  to   space 8704K,   0% used [0x086d0000, 0x086d0000, 0x08f50000)
 tenured generation   total 174784K, used 104157K [0x08f50000, 0x13a00000, 0x13a00000)
   the space 174784K,  59% used [0x08f50000, 0x0f507658, 0x0f507800, 0x13a00000)
 Metaspace       used 11219K, capacity 11937K, committed 12032K, reserved 12672K
}
Event: 2598.572 GC heap before
{Heap before GC invocations=1646 (full 221):
 def new generation   total 78656K, used 78656K [0x03a00000, 0x08f50000, 0x08f50000)
  eden space 69952K, 100% used [0x03a00000, 0x07e50000, 0x07e50000)
  from space 8704K, 100% used [0x07e50000, 0x086d0000, 0x086d0000)
  to   space 8704K,   0% used [0x086d0000, 0x086d0000, 0x08f50000)
 tenured generation   total 174784K, used 104157K [0x08f50000, 0x13a00000, 0x13a00000)
   the space 174784K,  59% used [0x08f50000, 0x0f507658, 0x0f507800, 0x13a00000)
 Metaspace       used 11219K, capacity 11937K, committed 12032K, reserved 12672K
Event: 2598.578 GC heap after
Heap after GC invocations=1647 (full 221):
 def new generation   total 78656K, used 7542K [0x03a00000, 0x08f50000, 0x08f50000)
  eden space 69952K,   0% used [0x03a00000, 0x03a00000, 0x07e50000)
  from space 8704K,  86% used [0x086d0000, 0x08e2d818, 0x08f50000)
  to   space 8704K,   0% used [0x07e50000, 0x07e50000, 0x086d0000)
 tenured generation   total 174784K, used 109943K [0x08f50000, 0x13a00000, 0x13a00000)
   the space 174784K,  62% used [0x08f50000, 0x0faadc78, 0x0faade00, 0x13a00000)
 Metaspace       used 11219K, capacity 11937K, committed 12032K, reserved 12672K
}
Event: 2600.974 GC heap before
{Heap before GC invocations=1647 (full 221):
 def new generation   total 78656K, used 77494K [0x03a00000, 0x08f50000, 0x08f50000)
  eden space 69952K, 100% used [0x03a00000, 0x07e50000, 0x07e50000)
  from space 8704K,  86% used [0x086d0000, 0x08e2d818, 0x08f50000)
  to   space 8704K,   0% used [0x07e50000, 0x07e50000, 0x086d0000)
 tenured generation   total 174784K, used 109943K [0x08f50000, 0x13a00000, 0x13a00000)
   the space 174784K,  62% used [0x08f50000, 0x0faadc78, 0x0faade00, 0x13a00000)
 Metaspace       used 11219K, capacity 11937K, committed 12032K, reserved 12672K
Event: 2600.993 GC heap after
Heap after GC invocations=1648 (full 221):
 def new generation   total 78656K, used 6832K [0x03a00000, 0x08f50000, 0x08f50000)
  eden space 69952K,   0% used [0x03a00000, 0x03a00000, 0x07e50000)
  from space 8704K,  78% used [0x07e50000, 0x084fc0b0, 0x086d0000)
  to   space 8704K,   0% used [0x086d0000, 0x086d0000, 0x08f50000)
 tenured generation   total 174784K, used 133493K [0x08f50000, 0x13a00000, 0x13a00000)
   the space 174784K,  76% used [0x08f50000, 0x111ad438, 0x111ad600, 0x13a00000)
 Metaspace       used 11219K, capacity 11937K, committed 12032K, reserved 12672K
}
Event: 2603.602 GC heap before
{Heap before GC invocations=1648 (full 221):
 def new generation   total 78656K, used 76784K [0x03a00000, 0x08f50000, 0x08f50000)
  eden space 69952K, 100% used [0x03a00000, 0x07e50000, 0x07e50000)
  from space 8704K,  78% used [0x07e50000, 0x084fc0b0, 0x086d0000)
  to   space 8704K,   0% used [0x086d0000, 0x086d0000, 0x08f50000)
 tenured generation   total 174784K, used 133493K [0x08f50000, 0x13a00000, 0x13a00000)
   the space 174784K,  76% used [0x08f50000, 0x111ad438, 0x111ad600, 0x13a00000)
 Metaspace       used 11219K, capacity 11937K, committed 12032K, reserved 12672K
Event: 2603.614 GC heap after
Heap after GC invocations=1649 (full 221):
 def new generation   total 78656K, used 8082K [0x03a00000, 0x08f50000, 0x08f50000)
  eden space 69952K,   0% used [0x03a00000, 0x03a00000, 0x07e50000)
  from space 8704K,  92% used [0x086d0000, 0x08eb4bd0, 0x08f50000)
  to   space 8704K,   0% used [0x07e50000, 0x07e50000, 0x086d0000)
 tenured generation   total 174784K, used 142887K [0x08f50000, 0x13a00000, 0x13a00000)
   the space 174784K,  81% used [0x08f50000, 0x11ad9f88, 0x11ada000, 0x13a00000)
 Metaspace       used 11219K, capacity 11937K, committed 12032K, reserved 12672K
}
Event: 2605.649 GC heap before
{Heap before GC invocations=1649 (full 221):
 def new generation   total 78656K, used 77992K [0x03a00000, 0x08f50000, 0x08f50000)
  eden space 69952K,  99% used [0x03a00000, 0x07e457e0, 0x07e50000)
  from space 8704K,  92% used [0x086d0000, 0x08eb4bd0, 0x08f50000)
  to   space 8704K,   0% used [0x07e50000, 0x07e50000, 0x086d0000)
 tenured generation   total 174784K, used 142887K [0x08f50000, 0x13a00000, 0x13a00000)
   the space 174784K,  81% used [0x08f50000, 0x11ad9f88, 0x11ada000, 0x13a00000)
 Metaspace       used 11219K, capacity 11937K, committed 12032K, reserved 12672K
Event: 2605.659 GC heap after
Heap after GC invocations=1650 (full 221):
 def new generation   total 78656K, used 8704K [0x03a00000, 0x08f50000, 0x08f50000)
  eden space 69952K,   0% used [0x03a00000, 0x03a00000, 0x07e50000)
  from space 8704K, 100% used [0x07e50000, 0x086d0000, 0x086d0000)
  to   space 8704K,   0% used [0x086d0000, 0x086d0000, 0x08f50000)
 tenured generation   total 174784K, used 151984K [0x08f50000, 0x13a00000, 0x13a00000)
   the space 174784K,  86% used [0x08f50000, 0x123bc2e8, 0x123bc400, 0x13a00000)
 Metaspace       used 11219K, capacity 11937K, committed 12032K, reserved 12672K
}

Deoptimization events (0 events):
No events

Internal exceptions (10 events):
Event: 2605.434 Thread 0x14f90400 Exception <a 'java/io/IOException': Improper call to JPEG library in state 200> (0x06e525f0) thrown at [C:\re\workspace\8-2-build-windows-i586-cygwin\jdk8u111\7883\hotspot\src\share\vm\prims\jni.cpp, line 735]
Event: 2605.434 Thread 0x14f90400 Exception <a 'java/io/IOException': Improper call to JPEG library in state 200> (0x06e5e528) thrown at [C:\re\workspace\8-2-build-windows-i586-cygwin\jdk8u111\7883\hotspot\src\share\vm\prims\jni.cpp, line 735]
Event: 2605.434 Thread 0x14f90400 Exception <a 'java/io/IOException': Improper call to JPEG library in state 200> (0x06e62450) thrown at [C:\re\workspace\8-2-build-windows-i586-cygwin\jdk8u111\7883\hotspot\src\share\vm\prims\jni.cpp, line 735]
Event: 2605.434 Thread 0x14f90400 Exception <a 'java/io/IOException': Invalid JPEG file structure: missing SOS marker> (0x06e662e0) thrown at [C:\re\workspace\8-2-build-windows-i586-cygwin\jdk8u111\7883\hotspot\src\share\vm\prims\jni.cpp, line 735]
Event: 2605.440 Thread 0x14f90400 Exception <a 'java/io/IOException': Improper call to JPEG library in state 200> (0x073c6e90) thrown at [C:\re\workspace\8-2-build-windows-i586-cygwin\jdk8u111\7883\hotspot\src\share\vm\prims\jni.cpp, line 735]
Event: 2605.440 Thread 0x14f90400 Exception <a 'java/io/IOException': Improper call to JPEG library in state 200> (0x073ca5a8) thrown at [C:\re\workspace\8-2-build-windows-i586-cygwin\jdk8u111\7883\hotspot\src\share\vm\prims\jni.cpp, line 735]
Event: 2605.440 Thread 0x14f90400 Exception <a 'java/io/IOException': Improper call to JPEG library in state 200> (0x0742e380) thrown at [C:\re\workspace\8-2-build-windows-i586-cygwin\jdk8u111\7883\hotspot\src\share\vm\prims\jni.cpp, line 735]
Event: 2605.440 Thread 0x14f90400 Exception <a 'java/io/IOException': Improper call to JPEG library in state 200> (0x07431ad8) thrown at [C:\re\workspace\8-2-build-windows-i586-cygwin\jdk8u111\7883\hotspot\src\share\vm\prims\jni.cpp, line 735]
Event: 2605.662 Thread 0x1a293800 Implicit null exception at 0x01a5ce3c to 0x01a5ce57
Event: 2605.662 Thread 0x1a293800 Exception <a 'java/lang/NullPointerException'> (0x03affdc0) thrown at [C:\re\workspace\8-2-build-windows-i586-cygwin\jdk8u111\7883\hotspot\src\share\vm\runtime\sharedRuntime.cpp, line 605]

Events (10 events):
Event: 2605.296 Thread 0x1a659400 Thread exited: 0x1a659400
Event: 2605.308 Thread 0x1a659c00 Thread exited: 0x1a659c00
Event: 2605.326 Thread 0x1a5b7000 Thread exited: 0x1a5b7000
Event: 2605.341 Thread 0x1a5b7400 Thread exited: 0x1a5b7400
Event: 2605.427 Thread 0x1a5b7c00 Thread exited: 0x1a5b7c00
Event: 2605.504 Thread 0x1a5b8000 Thread exited: 0x1a5b8000
Event: 2605.603 Thread 0x1a5b8800 Thread exited: 0x1a5b8800
Event: 2605.648 Executing VM operation: GenCollectForAllocation
Event: 2605.659 Executing VM operation: GenCollectForAllocation done
Event: 2605.662 Thread 0x1a293800 Thread added: 0x1a293800


Dynamic libraries:
0x00340000 - 0x00373000 	C:\Program Files\Java\jre1.8.0_111\bin\javaw.exe
0x77930000 - 0x77a72000 	C:\Windows\SYSTEM32\ntdll.dll
0x76f10000 - 0x76fe5000 	C:\Windows\system32\kernel32.dll
0x75a60000 - 0x75aab000 	C:\Windows\system32\KERNELBASE.dll
0x77110000 - 0x771b1000 	C:\Windows\system32\ADVAPI32.dll
0x771c0000 - 0x7726c000 	C:\Windows\system32\msvcrt.dll
0x76ff0000 - 0x77009000 	C:\Windows\SYSTEM32\sechost.dll
0x768a0000 - 0x76942000 	C:\Windows\system32\RPCRT4.dll
0x77010000 - 0x770d9000 	C:\Windows\system32\USER32.dll
0x775f0000 - 0x7763e000 	C:\Windows\system32\GDI32.dll
0x77b70000 - 0x77b7a000 	C:\Windows\system32\LPK.dll
0x772f0000 - 0x7738d000 	C:\Windows\system32\USP10.dll
0x747a0000 - 0x7493e000 	C:\Windows\WinSxS\x86_microsoft.windows.common-controls_6595b64144ccf1df_6.0.7601.18837_none_41e855142bd5705d\COMCTL32.dll
0x77ae0000 - 0x77b37000 	C:\Windows\system32\SHLWAPI.dll
0x77b50000 - 0x77b6f000 	C:\Windows\system32\IMM32.DLL
0x76e40000 - 0x76f0d000 	C:\Windows\system32\MSCTF.dll
0x75810000 - 0x7582d000 	C:\CTMS\Module\DocMal\guard.dll
0x77b40000 - 0x77b45000 	C:\Windows\system32\PSAPI.DLL
0x57550000 - 0x5760f000 	C:\Program Files\Java\jre1.8.0_111\bin\msvcr100.dll
0x57610000 - 0x579dd000 	C:\Program Files\Java\jre1.8.0_111\bin\client\jvm.dll
0x6d900000 - 0x6d907000 	C:\Windows\system32\WSOCK32.dll
0x77aa0000 - 0x77ad5000 	C:\Windows\system32\WS2_32.dll
0x77a80000 - 0x77a86000 	C:\Windows\system32\NSI.dll
0x73bd0000 - 0x73c02000 	C:\Windows\system32\WINMM.dll
0x74d10000 - 0x74d19000 	C:\Windows\system32\VERSION.dll
0x6e150000 - 0x6e15c000 	C:\Program Files\Java\jre1.8.0_111\bin\verify.dll
0x6e120000 - 0x6e141000 	C:\Program Files\Java\jre1.8.0_111\bin\java.dll
0x6e100000 - 0x6e113000 	C:\Program Files\Java\jre1.8.0_111\bin\zip.dll
0x75bc0000 - 0x7680c000 	C:\Windows\system32\SHELL32.dll
0x76950000 - 0x76aad000 	C:\Windows\system32\ole32.dll
0x758a0000 - 0x758ab000 	C:\Windows\system32\profapi.dll
0x6b810000 - 0x6b8fe000 	C:\Program Files\Java\jre1.8.0_111\bin\msvcr120.dll
0x574d0000 - 0x57541000 	C:\Program Files\Java\jre1.8.0_111\bin\msvcp120.dll
0x6e070000 - 0x6e08e000 	C:\Program Files\Java\jre1.8.0_111\bin\prism_d3d.dll
0x69440000 - 0x69603000 	C:\Windows\system32\d3d9.dll
0x6dc60000 - 0x6dc66000 	C:\Windows\system32\d3d8thk.dll
0x74110000 - 0x74123000 	C:\Windows\system32\dwmapi.dll
0x745f0000 - 0x74630000 	C:\Windows\system32\uxtheme.dll
0x63780000 - 0x63f08000 	C:\Windows\system32\igdumdim32.dll
0x6a520000 - 0x6a867000 	C:\Windows\system32\igdusc32.dll
0x633a0000 - 0x633d3000 	C:\Program Files\Java\jre1.8.0_111\bin\glass.dll
0x77270000 - 0x772eb000 	C:\Windows\system32\COMDLG32.dll
0x76da0000 - 0x76e31000 	C:\Windows\system32\OLEAUT32.dll
0x75740000 - 0x7574c000 	C:\Windows\system32\CRYPTBASE.dll
0x6e430000 - 0x6e441000 	C:\Program Files\Java\jre1.8.0_111\bin\javafx_font.dll
0x57390000 - 0x574c6000 	C:\Windows\system32\dwrite.dll
0x538a0000 - 0x5590b000 	C:\Program Files\Java\jre1.8.0_111\bin\jfxwebkit.dll
0x752b0000 - 0x752c7000 	C:\Windows\system32\CRYPTSP.dll
0x75040000 - 0x7507b000 	C:\Windows\system32\rsaenh.dll
0x6e0e0000 - 0x6e0f6000 	C:\Program Files\Java\jre1.8.0_111\bin\net.dll
0x75270000 - 0x752ac000 	C:\Windows\system32\mswsock.dll
0x75260000 - 0x75266000 	C:\Windows\System32\wship6.dll
0x6e0d0000 - 0x6e0df000 	C:\Program Files\Java\jre1.8.0_111\bin\nio.dll
0x74da0000 - 0x74da5000 	C:\Windows\System32\wshtcpip.dll
0x75130000 - 0x75174000 	C:\Windows\system32\DNSAPI.dll
0x73940000 - 0x7395c000 	C:\Windows\system32\IPHLPAPI.DLL
0x73930000 - 0x73937000 	C:\Windows\system32\WINNSI.DLL
0x6d890000 - 0x6d896000 	C:\Windows\system32\rasadhlp.dll
0x73800000 - 0x73838000 	C:\Windows\System32\fwpuclnt.dll
0x6e3b0000 - 0x6e3d0000 	C:\Program Files\Java\jre1.8.0_111\bin\sunec.dll
0x759f0000 - 0x75a07000 	C:\Windows\system32\USERENV.dll
0x73850000 - 0x7385d000 	C:\Windows\system32\dhcpcsvc6.DLL
0x736b0000 - 0x736c2000 	C:\Windows\system32\dhcpcsvc.DLL
0x73f90000 - 0x73f99000 	C:\Program Files\Java\jre1.8.0_111\bin\sunmscapi.dll
0x758b0000 - 0x759d1000 	C:\Windows\system32\CRYPT32.dll
0x75890000 - 0x7589c000 	C:\Windows\system32\MSASN1.dll
0x76810000 - 0x76893000 	C:\Windows\system32\CLBCatQ.DLL
0x73fa0000 - 0x740d1000 	C:\Windows\system32\WindowsCodecs.dll
0x75750000 - 0x7579c000 	C:\Windows\system32\apphelp.dll
0x6a4a0000 - 0x6a4d1000 	C:\Windows\system32\EhStorShell.dll
0x77640000 - 0x777dd000 	C:\Windows\system32\SETUPAPI.dll
0x75a30000 - 0x75a57000 	C:\Windows\system32\CFGMGR32.dll
0x75a10000 - 0x75a22000 	C:\Windows\system32\DEVOBJ.dll
0x743f0000 - 0x744e5000 	C:\Windows\system32\PROPSYS.dll
0x6a430000 - 0x6a49a000 	C:\Windows\System32\cscui.dll
0x6a4e0000 - 0x6a4e9000 	C:\Windows\System32\CSCDLL.dll
0x6a420000 - 0x6a42b000 	C:\Windows\system32\CSCAPI.dll
0x6a3b0000 - 0x6a420000 	C:\Windows\system32\ntshrui.dll
0x75690000 - 0x756a9000 	C:\Windows\system32\srvcli.dll
0x73a70000 - 0x73a7a000 	C:\Windows\system32\slc.dll
0x6df00000 - 0x6df21000 	C:\Program Files\Common Files\Microsoft Shared\Ink\rtscom.dll
0x74b70000 - 0x74bfc000 	C:\Windows\system32\ime\imekr8\imkrtip.dll
0x74b10000 - 0x74b6e000 	C:\Windows\system32\ime\shared\imetip.dll
0x74af0000 - 0x74b10000 	C:\Windows\system32\ime\imekr8\imkrapi.dll
0x74ac0000 - 0x74ae3000 	C:\Windows\system32\ime\shared\imjkapi.dll
0x74a60000 - 0x74a6f000 	C:\Program Files\Java\jre1.8.0_111\bin\prism_common.dll
0x1b220000 - 0x1b279000 	C:\Program Files\TruecutSecurity\TrojanAPI.DLL
0x6b930000 - 0x6b951000 	C:\Program Files\Java\jre1.8.0_111\bin\javafx_iio.dll
0x572a0000 - 0x57305000 	C:\Program Files\Java\jre1.8.0_111\bin\glib-lite.dll
0x57210000 - 0x57291000 	C:\Program Files\Java\jre1.8.0_111\bin\gstreamer-lite.dll
0x72250000 - 0x722c2000 	C:\Windows\system32\DSOUND.dll
0x74550000 - 0x74575000 	C:\Windows\system32\POWRPROF.dll
0x63380000 - 0x6339e000 	C:\Program Files\Java\jre1.8.0_111\bin\jfxmedia.dll
0x75720000 - 0x7573b000 	C:\Windows\system32\SspiCli.dll
0x533c0000 - 0x533e7000 	C:\Program Files\Java\jre1.8.0_111\bin\fxplugins.dll
0x53180000 - 0x533b1000 	C:\Windows\System32\msmpeg2vdec.dll
0x6e170000 - 0x6e1ca000 	C:\Windows\System32\MFPlat.DLL
0x743c0000 - 0x743c7000 	C:\Windows\System32\AVRT.dll
0x53100000 - 0x5317a000 	C:\Windows\System32\EVR.dll
0x753c0000 - 0x753d7000 	C:\Windows\System32\bcrypt.dll
0x53000000 - 0x530f1000 	C:\Windows\System32\msmpeg2adec.dll
0x74510000 - 0x74549000 	C:\Windows\System32\MMDevApi.dll
0x71fe0000 - 0x72016000 	C:\Windows\system32\AUDIOSES.DLL
0x52e80000 - 0x52ff7000 	C:\Windows\system32\quartz.dll
0x73460000 - 0x7354b000 	C:\Windows\system32\dbghelp.dll

VM Arguments:
jvm_args: -Dfile.encoding=MS949 
java_command: mil.navy.monitoring.MainApp
java_class_path (initial): C:\Users\navy\Downloads\jsoup-1.10.1.jar;C:\Users\navy\Downloads\workspace\WebMonitoringTool\bin;C:\Users\navy\Downloads\eclipse-java-neon-1a-win32\eclipse\plugins\org.eclipse.fx.ide.css.jfx8_2.4.0.201605112122.jar
Launcher Type: SUN_STANDARD

Environment Variables:
PATH=C:/Program Files/Java/jre1.8.0_111/bin/client;C:/Program Files/Java/jre1.8.0_111/bin;C:/Program Files/Java/jre1.8.0_111/lib/i386;C:\ProgramData\Oracle\Java\javapath;C:\Program Files\Intel\iCLS Client\;C:\Windows\system32;C:\Windows;C:\Windows\System32\Wbem;C:\Windows\System32\WindowsPowerShell\v1.0\;C:\Program Files\Intel\OpenCL SDK\3.0\bin\x86;C:\Program Files\Intel\Intel(R) Management Engine Components\DAL;C:\Program Files\Intel\Intel(R) Management Engine Components\IPT;C:\Users\navy\Downloads\eclipse-java-neon-1a-win32\eclipse;
USERNAME=navy
OS=Windows_NT
PROCESSOR_IDENTIFIER=x86 Family 6 Model 60 Stepping 3, GenuineIntel



---------------  S Y S T E M  ---------------

OS: Windows 7 Build 7601 (6.1.7601.23392)

CPU:total 4 (2 cores per cpu, 2 threads per core) family 6 model 60 stepping 3, cmov, cx8, fxsr, mmx, sse, sse2, sse3, ssse3, sse4.1, sse4.2, popcnt, avx, avx2, aes, clmul, erms, lzcnt, ht, tsc, tscinvbit, bmi1, bmi2

Memory: 4k page, physical 3537412k(380284k free), swap 7073108k(2765464k free)

vm_info: Java HotSpot(TM) Client VM (25.111-b14) for windows-x86 JRE (1.8.0_111-b14), built on Sep 22 2016 18:54:33 by "java_re" with MS VC++ 10.0 (VS2010)

time: Sat Dec 03 17:23:50 2016
elapsed time: 2605 seconds (0d 0h 43m 25s)

