#
# A fatal error has been detected by the Java Runtime Environment:
#
#  EXCEPTION_ACCESS_VIOLATION (0xc0000005) at pc=0x68432d74, pid=138984, tid=0x0006de90
#
# JRE version: Java(TM) SE Runtime Environment (8.0_111-b14) (build 1.8.0_111-b14)
# Java VM: Java HotSpot(TM) Client VM (25.111-b14 mixed mode, sharing windows-x86 )
# Problematic frame:
# C  0x68432d74
#
# Failed to write core dump. Minidumps are not enabled by default on client versions of Windows
#
# If you would like to submit a bug report, please visit:
#   http://bugreport.java.com/bugreport/crash.jsp
# The crash happened outside the Java Virtual Machine in native code.
# See problematic frame for where to report the bug.
#

---------------  T H R E A D  ---------------

Current thread (0x1737b000):  JavaThread "URL-Loader-18" daemon [_thread_in_native, id=450192, stack(0x1cd70000,0x1cdc0000)]

siginfo: ExceptionCode=0xc0000005, ExceptionInformation=0x00000008 0x68432d74

Registers:
EAX=0xffffffff, EBX=0x0000022d, ECX=0x7ff6b000, EDX=0x00002736
ESP=0x1cdbdd64, EBP=0x70656363, ESI=0x1cdbdce4, EDI=0x0000022d
EIP=0x68432d74, EFLAGS=0x00010286

Top of Stack: (sp=0x1cdbdd64)
0x1cdbdd64:   74752c31 3b382d66 2e303d71 3b2a2c37
0x1cdbdd74:   2e303d71 410a0d37 70656363 74203a74
0x1cdbdd84:   2f747865 2c737363 3b2a2f2a 2e303d71
0x1cdbdd94:   520a0d31 72656665 203a7265 70747468
0x1cdbdda4:   772f2f3a 61666c65 6e2e6572 2e797661
0x1cdbddb4:   2e6c696d 6d2f726b 2e6e6961 0a0d6f64
0x1cdbddc4:   72657355 6567412d 203a746e 697a6f4d
0x1cdbddd4:   2f616c6c 20302e35 6e695728 73776f64 

Instructions: (pc=0x68432d74)
0x68432d54:   
[error occurred during error reporting (printing registers, top of stack, instructions near pc), id 0xc0000005]

Register to memory mapping:

EAX=0xffffffff is an unknown value
EBX=0x0000022d is an unknown value
ECX=0x7ff6b000 is an unknown value
EDX=0x00002736 is an unknown value
ESP=0x1cdbdd64 is pointing into the stack for thread: 0x1737b000
EBP=0x70656363 is an unknown value
ESI=0x1cdbdce4 is pointing into the stack for thread: 0x1737b000
EDI=0x0000022d is an unknown value


Stack: [0x1cd70000,0x1cdc0000],  sp=0x1cdbdd64,  free space=311k
Native frames: (J=compiled Java code, j=interpreted, Vv=VM code, C=native code)
C  0x68432d74

Java frames: (J=compiled Java code, j=interpreted, Vv=VM code)
j  java.net.SocketOutputStream.socketWrite0(Ljava/io/FileDescriptor;[BII)V+0
j  java.net.SocketOutputStream.socketWrite([BII)V+44
j  java.net.SocketOutputStream.write([BII)V+4
J 2399 C1 java.io.BufferedOutputStream.flush()V (12 bytes) @ 0x01f6d5e4 [0x01f6d4e0+0x104]
J 1480 C1 sun.net.www.MessageHeader.print(Ljava/io/PrintStream;)V (105 bytes) @ 0x01df64b4 [0x01df5fd0+0x4e4]
j  sun.net.www.http.HttpClient.writeRequests(Lsun/net/www/MessageHeader;Lsun/net/www/http/PosterOutputStream;)V+13
j  sun.net.www.http.HttpClient.writeRequests(Lsun/net/www/MessageHeader;Lsun/net/www/http/PosterOutputStream;Z)V+8
j  sun.net.www.protocol.http.HttpURLConnection.writeRequests()V+716
J 1560 C1 sun.net.www.protocol.http.HttpURLConnection.getInputStream0()Ljava/io/InputStream; (2023 bytes) @ 0x01e1c924 [0x01e1c4d0+0x454]
J 1565 C1 sun.net.www.protocol.http.HttpURLConnection.getInputStream()Ljava/io/InputStream; (56 bytes) @ 0x01e2c56c [0x01e2c310+0x25c]
J 2346 C1 java.net.HttpURLConnection.getResponseCode()I (152 bytes) @ 0x01f5687c [0x01f56840+0x3c]
J 1660 C1 com.sun.webkit.network.URLLoader.receiveResponse(Ljava/net/URLConnection;)Lcom/sun/webkit/network/URLLoader$Redirect; (751 bytes) @ 0x01e4ca34 [0x01e4c980+0xb4]
j  com.sun.webkit.network.URLLoader.doRun()V+95
j  com.sun.webkit.network.URLLoader.lambda$run$94()Ljava/lang/Void;+1
j  com.sun.webkit.network.URLLoader$$Lambda$101.run()Ljava/lang/Object;+4
v  ~StubRoutines::call_stub
J 1550  java.security.AccessController.doPrivileged(Ljava/security/PrivilegedAction;Ljava/security/AccessControlContext;)Ljava/lang/Object; (0 bytes) @ 0x01e14e07 [0x01e14da0+0x67]
j  com.sun.webkit.network.URLLoader.run()V+13
J 2855 C1 java.util.concurrent.Executors$RunnableAdapter.call()Ljava/lang/Object; (14 bytes) @ 0x0201d7c0 [0x0201d790+0x30]
j  java.util.concurrent.FutureTask.run()V+42
j  java.util.concurrent.ThreadPoolExecutor.runWorker(Ljava/util/concurrent/ThreadPoolExecutor$Worker;)V+95
j  java.util.concurrent.ThreadPoolExecutor$Worker.run()V+5
j  java.lang.Thread.run()V+11
v  ~StubRoutines::call_stub

---------------  P R O C E S S  ---------------

Java Threads: ( => current thread )
  0x17558400 JavaThread "Keep-Alive-SocketCleaner" daemon [_thread_blocked, id=314684, stack(0x253f0000,0x25440000)]
  0x17554c00 JavaThread "Thread-54" daemon [_thread_in_native, id=264544, stack(0x231b0000,0x23200000)]
  0x17553800 JavaThread "URL-Loader-20" daemon [_thread_blocked, id=11272, stack(0x1d4f0000,0x1d540000)]
  0x1737b800 JavaThread "URL-Loader-19" daemon [_thread_in_native, id=249508, stack(0x1d1d0000,0x1d220000)]
=>0x1737b000 JavaThread "URL-Loader-18" daemon [_thread_in_native, id=450192, stack(0x1cd70000,0x1cdc0000)]
  0x1737ac00 JavaThread "URL-Loader-17" daemon [_thread_in_native, id=223872, stack(0x1d260000,0x1d2b0000)]
  0x1737a400 JavaThread "URL-Loader-16" daemon [_thread_in_native, id=418284, stack(0x1d0c0000,0x1d110000)]
  0x1737a000 JavaThread "URL-Loader-15" daemon [_thread_blocked, id=471876, stack(0x1d140000,0x1d190000)]
  0x17379800 JavaThread "URL-Loader-14" daemon [_thread_in_native, id=355340, stack(0x1cf20000,0x1cf70000)]
  0x17379000 JavaThread "URL-Loader-13" daemon [_thread_in_native, id=98960, stack(0x1d800000,0x1d850000)]
  0x17378c00 JavaThread "URL-Loader-12" daemon [_thread_in_native, id=208848, stack(0x1ce90000,0x1cee0000)]
  0x17378400 JavaThread "URL-Loader-11" daemon [_thread_in_native, id=473100, stack(0x1cfb0000,0x1d000000)]
  0x17378000 JavaThread "Watchdog-Timer-1" daemon [_thread_blocked, id=460544, stack(0x1cdd0000,0x1ce20000)]
  0x17377800 JavaThread "Timer-20" [_thread_blocked, id=199532, stack(0x1cc00000,0x1cc50000)]
  0x17377400 JavaThread "Prism Font Disposer" daemon [_thread_blocked, id=80684, stack(0x1abf0000,0x1ac40000)]
  0x17376c00 JavaThread "Timer-19" [_thread_blocked, id=33192, stack(0x1acb0000,0x1ad00000)]
  0x17376400 JavaThread "Timer-18" [_thread_blocked, id=228104, stack(0x1a620000,0x1a670000)]
  0x17376000 JavaThread "URL-Loader-10" daemon [_thread_in_native, id=74544, stack(0x1ad30000,0x1ad80000)]
  0x17375800 JavaThread "Timer-17" [_thread_blocked, id=64708, stack(0x1ac40000,0x1ac90000)]
  0x17375400 JavaThread "Timer-16" [_thread_blocked, id=72372, stack(0x1a4f0000,0x1a540000)]
  0x17374c00 JavaThread "URL-Loader-9" daemon [_thread_in_native, id=176852, stack(0x1a900000,0x1a950000)]
  0x17374800 JavaThread "Timer-15" [_thread_blocked, id=343904, stack(0x1aa40000,0x1aa90000)]
  0x17374000 JavaThread "Timer-14" [_thread_blocked, id=194228, stack(0x1a970000,0x1a9c0000)]
  0x172c3800 JavaThread "URL-Loader-8" daemon [_thread_in_native, id=260624, stack(0x1a890000,0x1a8e0000)]
  0x172c3400 JavaThread "Timer-13" [_thread_blocked, id=302356, stack(0x1a680000,0x1a6d0000)]
  0x172c2c00 JavaThread "Timer-12" [_thread_blocked, id=77504, stack(0x1a170000,0x1a1c0000)]
  0x172c2800 JavaThread "URL-Loader-7" daemon [_thread_in_native, id=393316, stack(0x1a7f0000,0x1a840000)]
  0x172c2000 JavaThread "Timer-11" [_thread_blocked, id=212268, stack(0x1a760000,0x1a7b0000)]
  0x172c1800 JavaThread "Timer-10" [_thread_blocked, id=384232, stack(0x1a6d0000,0x1a720000)]
  0x172c1400 JavaThread "URL-Loader-6" daemon [_thread_in_native, id=260476, stack(0x1a400000,0x1a450000)]
  0x172c0c00 JavaThread "Timer-9" [_thread_blocked, id=330036, stack(0x19d90000,0x19de0000)]
  0x172c0800 JavaThread "Timer-8" [_thread_blocked, id=251920, stack(0x1a5d0000,0x1a620000)]
  0x172c0000 JavaThread "URL-Loader-5" daemon [_thread_in_native, id=312556, stack(0x1a560000,0x1a5b0000)]
  0x172bfc00 JavaThread "Timer-7" [_thread_blocked, id=225400, stack(0x1a460000,0x1a4b0000)]
  0x172bf400 JavaThread "Timer-6" [_thread_blocked, id=450932, stack(0x19f40000,0x19f90000)]
  0x172bec00 JavaThread "URL-Loader-4" daemon [_thread_in_native, id=318544, stack(0x1a340000,0x1a390000)]
  0x172be800 JavaThread "Timer-5" [_thread_blocked, id=60036, stack(0x1a390000,0x1a3e0000)]
  0x172be000 JavaThread "Timer-4" [_thread_blocked, id=492804, stack(0x1a2e0000,0x1a330000)]
  0x172bdc00 JavaThread "URL-Loader-3" daemon [_thread_in_native, id=284252, stack(0x00db0000,0x00e00000)]
  0x172bd400 JavaThread "Keep-Alive-Timer" daemon [_thread_blocked, id=158776, stack(0x00eb0000,0x00f00000)]
  0x172bd000 JavaThread "Timer-3" [_thread_blocked, id=399172, stack(0x1a250000,0x1a2a0000)]
  0x172bc800 JavaThread "Timer-2" [_thread_blocked, id=420460, stack(0x1a0e0000,0x1a130000)]
  0x172bc000 JavaThread "URL-Loader-2" daemon [_thread_in_native, id=176320, stack(0x15150000,0x151a0000)]
  0x172a8c00 JavaThread "Timer-1" [_thread_blocked, id=278608, stack(0x16fa0000,0x16ff0000)]
  0x172a4c00 JavaThread "Timer-0" [_thread_blocked, id=186816, stack(0x19d20000,0x19d70000)]
  0x172a1c00 JavaThread "URL-Loader-1" daemon [_thread_in_native, id=82164, stack(0x19c50000,0x19ca0000)]
  0x17264000 JavaThread "Disposer" daemon [_thread_blocked, id=122460, stack(0x19cd0000,0x19d20000)]
  0x14f57400 JavaThread "Thread-3" daemon [_thread_in_native, id=288640, stack(0x16f20000,0x16f70000)]
  0x14f5ac00 JavaThread "JavaFX-Launcher" [_thread_blocked, id=298176, stack(0x17010000,0x17060000)]
  0x14f21400 JavaThread "JavaFX Application Thread" [_thread_in_native, id=238192, stack(0x14720000,0x14770000)]
  0x14f31000 JavaThread "Thread-1" daemon [_thread_blocked, id=135932, stack(0x14620000,0x14670000)]
  0x14ee5800 JavaThread "QuantumRenderer-0" daemon [_thread_blocked, id=349236, stack(0x14770000,0x147c0000)]
  0x009e5000 JavaThread "Service Thread" daemon [_thread_blocked, id=239112, stack(0x14d70000,0x14dc0000)]
  0x009dbc00 JavaThread "C1 CompilerThread0" daemon [_thread_blocked, id=93668, stack(0x14670000,0x146c0000)]
  0x009da800 JavaThread "Attach Listener" daemon [_thread_blocked, id=400084, stack(0x00e20000,0x00e70000)]
  0x009c2c00 JavaThread "Signal Dispatcher" daemon [_thread_blocked, id=343660, stack(0x03b60000,0x03bb0000)]
  0x009c1000 JavaThread "Finalizer" daemon [_thread_blocked, id=70496, stack(0x00c10000,0x00c60000)]
  0x00963c00 JavaThread "Reference Handler" daemon [_thread_blocked, id=272900, stack(0x00c90000,0x00ce0000)]
  0x0052bc00 JavaThread "main" [_thread_blocked, id=198216, stack(0x00a60000,0x00ab0000)]

Other Threads:
  0x0095f800 VMThread [stack: 0x00d50000,0x00da0000] [id=138360]
  0x14e10800 WatcherThread [stack: 0x146c0000,0x14710000] [id=464424]

VM state:not at safepoint (normal execution)

VM Mutex/Monitor currently owned by a thread: None

Heap:
 def new generation   total 56000K, used 9399K [0x03c00000, 0x078c0000, 0x09150000)
  eden space 49792K,   6% used [0x03c00000, 0x03f1dec8, 0x06ca0000)
  from space 6208K, 100% used [0x072b0000, 0x078c0000, 0x078c0000)
  to   space 6208K,   0% used [0x06ca0000, 0x06ca0000, 0x072b0000)
 tenured generation   total 124136K, used 74108K [0x09150000, 0x10a8a000, 0x13c00000)
   the space 124136K,  59% used [0x09150000, 0x0d9af048, 0x0d9af200, 0x10a8a000)
 Metaspace       used 11284K, capacity 12046K, committed 12160K, reserved 12672K

Card table byte_map: [0x00b40000,0x00bd0000] byte_map_base: 0x00b22000

Polling page: 0x00230000

CodeCache: size=32768Kb used=5438Kb max_used=5438Kb free=27329Kb
 bounds [0x01b40000, 0x02098000, 0x03b40000]
 total_blobs=3579 nmethods=3117 adapters=391
 compilation: enabled

Compilation events (10 events):
Event: 11.848 Thread 0x009dbc00 3143             java.lang.AbstractStringBuilder::newCapacity (39 bytes)
Event: 11.848 Thread 0x009dbc00 nmethod 3143 0x0208f388 code [0x0208f490, 0x0208f5cc]
Event: 11.864 Thread 0x009dbc00 3144             com.sun.javafx.iio.common.ImageLoaderImpl::<init> (29 bytes)
Event: 11.865 Thread 0x009dbc00 nmethod 3144 0x0208f688 code [0x0208f790, 0x0208f8ac]
Event: 11.876 Thread 0x009dbc00 3145             java.lang.CharacterDataLatin1::toUpperCase (53 bytes)
Event: 11.876 Thread 0x009dbc00 nmethod 3145 0x0208f948 code [0x0208fa40, 0x0208fb30]
Event: 11.899 Thread 0x009dbc00 3146             java.lang.String::charAt (29 bytes)
Event: 11.899 Thread 0x009dbc00 nmethod 3146 0x0208fc48 code [0x0208fd50, 0x0208fe6c]
Event: 11.946 Thread 0x009dbc00 3147             com.sun.webkit.graphics.WCTransform::<init> (59 bytes)
Event: 11.947 Thread 0x009dbc00 nmethod 3147 0x0208ff48 code [0x02090040, 0x020901b0]

GC Heap History (10 events):
Event: 9.589 GC heap before
{Heap before GC invocations=45 (full 8):
 def new generation   total 46208K, used 41088K [0x03c00000, 0x06e20000, 0x09150000)
  eden space 41088K, 100% used [0x03c00000, 0x06420000, 0x06420000)
  from space 5120K,   0% used [0x06420000, 0x06420018, 0x06920000)
  to   space 5120K,   0% used [0x06920000, 0x06920000, 0x06e20000)
 tenured generation   total 102420K, used 61452K [0x09150000, 0x0f555000, 0x13c00000)
   the space 102420K,  60% used [0x09150000, 0x0cd53000, 0x0cd53000, 0x0f555000)
 Metaspace       used 11284K, capacity 12046K, committed 12160K, reserved 12672K
Event: 9.603 GC heap after
Heap after GC invocations=46 (full 8):
 def new generation   total 46208K, used 4195K [0x03c00000, 0x06e20000, 0x09150000)
  eden space 41088K,   0% used [0x03c00000, 0x03c00000, 0x06420000)
  from space 5120K,  81% used [0x06920000, 0x06d38c30, 0x06e20000)
  to   space 5120K,   0% used [0x06420000, 0x06420000, 0x06920000)
 tenured generation   total 102420K, used 79030K [0x09150000, 0x0f555000, 0x13c00000)
   the space 102420K,  77% used [0x09150000, 0x0de7d8b0, 0x0de7da00, 0x0f555000)
 Metaspace       used 11284K, capacity 12046K, committed 12160K, reserved 12672K
}
Event: 9.984 GC heap before
{Heap before GC invocations=46 (full 8):
 def new generation   total 46208K, used 45283K [0x03c00000, 0x06e20000, 0x09150000)
  eden space 41088K, 100% used [0x03c00000, 0x06420000, 0x06420000)
  from space 5120K,  81% used [0x06920000, 0x06d38c48, 0x06e20000)
  to   space 5120K,   0% used [0x06420000, 0x06420000, 0x06920000)
 tenured generation   total 102420K, used 79030K [0x09150000, 0x0f555000, 0x13c00000)
   the space 102420K,  77% used [0x09150000, 0x0de7d8b0, 0x0de7da00, 0x0f555000)
 Metaspace       used 11284K, capacity 12046K, committed 12160K, reserved 12672K
Event: 9.994 GC heap after
Heap after GC invocations=47 (full 8):
 def new generation   total 46208K, used 5120K [0x03c00000, 0x06e20000, 0x09150000)
  eden space 41088K,   0% used [0x03c00000, 0x03c00000, 0x06420000)
  from space 5120K, 100% used [0x06420000, 0x06920000, 0x06920000)
  to   space 5120K,   0% used [0x06920000, 0x06920000, 0x06e20000)
 tenured generation   total 102420K, used 98785K [0x09150000, 0x0f555000, 0x13c00000)
   the space 102420K,  96% used [0x09150000, 0x0f1c8590, 0x0f1c8600, 0x0f555000)
 Metaspace       used 11284K, capacity 12046K, committed 12160K, reserved 12672K
}
Event: 10.318 GC heap before
{Heap before GC invocations=47 (full 8):
 def new generation   total 46208K, used 44234K [0x03c00000, 0x06e20000, 0x09150000)
  eden space 41088K,  95% used [0x03c00000, 0x062329f8, 0x06420000)
  from space 5120K, 100% used [0x06420000, 0x06920000, 0x06920000)
  to   space 5120K,   0% used [0x06920000, 0x06920000, 0x06e20000)
 tenured generation   total 108280K, used 104644K [0x09150000, 0x0fb0e000, 0x13c00000)
   the space 108280K,  96% used [0x09150000, 0x0f781320, 0x0f781400, 0x0fb0e000)
 Metaspace       used 11284K, capacity 12046K, committed 12160K, reserved 12672K
Event: 10.332 GC heap after
Heap after GC invocations=48 (full 8):
 def new generation   total 46208K, used 3409K [0x03c00000, 0x06e20000, 0x09150000)
  eden space 41088K,   0% used [0x03c00000, 0x03c00000, 0x06420000)
  from space 5120K,  66% used [0x06920000, 0x06c747e0, 0x06e20000)
  to   space 5120K,   0% used [0x06420000, 0x06420000, 0x06920000)
 tenured generation   total 124136K, used 122506K [0x09150000, 0x10a8a000, 0x13c00000)
   the space 124136K,  98% used [0x09150000, 0x108f2898, 0x108f2a00, 0x10a8a000)
 Metaspace       used 11284K, capacity 12046K, committed 12160K, reserved 12672K
}
Event: 11.079 GC heap before
{Heap before GC invocations=48 (full 8):
 def new generation   total 46208K, used 44497K [0x03c00000, 0x06e20000, 0x09150000)
  eden space 41088K, 100% used [0x03c00000, 0x06420000, 0x06420000)
  from space 5120K,  66% used [0x06920000, 0x06c747e0, 0x06e20000)
  to   space 5120K,   0% used [0x06420000, 0x06420000, 0x06920000)
 tenured generation   total 124136K, used 122506K [0x09150000, 0x10a8a000, 0x13c00000)
   the space 124136K,  98% used [0x09150000, 0x108f2898, 0x108f2a00, 0x10a8a000)
 Metaspace       used 11284K, capacity 12046K, committed 12160K, reserved 12672K
Event: 11.136 GC heap after
Heap after GC invocations=49 (full 9):
 def new generation   total 56000K, used 0K [0x03c00000, 0x078c0000, 0x09150000)
  eden space 49792K,   0% used [0x03c00000, 0x03c00000, 0x06ca0000)
  from space 6208K,   0% used [0x06ca0000, 0x06ca0000, 0x072b0000)
  to   space 6208K,   0% used [0x072b0000, 0x072b0000, 0x078c0000)
 tenured generation   total 124136K, used 71689K [0x09150000, 0x10a8a000, 0x13c00000)
   the space 124136K,  57% used [0x09150000, 0x0d7524f0, 0x0d752600, 0x10a8a000)
 Metaspace       used 11284K, capacity 12046K, committed 12160K, reserved 12672K
}
Event: 11.957 GC heap before
{Heap before GC invocations=49 (full 9):
 def new generation   total 56000K, used 49694K [0x03c00000, 0x078c0000, 0x09150000)
  eden space 49792K,  99% used [0x03c00000, 0x06c879d0, 0x06ca0000)
  from space 6208K,   0% used [0x06ca0000, 0x06ca0000, 0x072b0000)
  to   space 6208K,   0% used [0x072b0000, 0x072b0000, 0x078c0000)
 tenured generation   total 124136K, used 71689K [0x09150000, 0x10a8a000, 0x13c00000)
   the space 124136K,  57% used [0x09150000, 0x0d7524f0, 0x0d752600, 0x10a8a000)
 Metaspace       used 11284K, capacity 12046K, committed 12160K, reserved 12672K
Event: 11.967 GC heap after
Heap after GC invocations=50 (full 9):
 def new generation   total 56000K, used 6208K [0x03c00000, 0x078c0000, 0x09150000)
  eden space 49792K,   0% used [0x03c00000, 0x03c00000, 0x06ca0000)
  from space 6208K, 100% used [0x072b0000, 0x078c0000, 0x078c0000)
  to   space 6208K,   0% used [0x06ca0000, 0x06ca0000, 0x072b0000)
 tenured generation   total 124136K, used 74108K [0x09150000, 0x10a8a000, 0x13c00000)
   the space 124136K,  59% used [0x09150000, 0x0d9af048, 0x0d9af200, 0x10a8a000)
 Metaspace       used 11284K, capacity 12046K, committed 12160K, reserved 12672K
}

Deoptimization events (0 events):
No events

Internal exceptions (10 events):
Event: 11.562 Thread 0x14f21400 Exception <a 'java/io/IOException': Improper call to JPEG library in state 200> (0x04ee6f08) thrown at [C:\re\workspace\8-2-build-windows-i586-cygwin\jdk8u111\7883\hotspot\src\share\vm\prims\jni.cpp, line 735]
Event: 11.566 Thread 0x14f21400 Exception <a 'java/io/IOException': Improper call to JPEG library in state 200> (0x0534e2c8) thrown at [C:\re\workspace\8-2-build-windows-i586-cygwin\jdk8u111\7883\hotspot\src\share\vm\prims\jni.cpp, line 735]
Event: 11.566 Thread 0x14f21400 Exception <a 'java/io/IOException': Improper call to JPEG library in state 200> (0x053519e0) thrown at [C:\re\workspace\8-2-build-windows-i586-cygwin\jdk8u111\7883\hotspot\src\share\vm\prims\jni.cpp, line 735]
Event: 11.566 Thread 0x14f21400 Exception <a 'java/io/IOException': Improper call to JPEG library in state 200> (0x05358b50) thrown at [C:\re\workspace\8-2-build-windows-i586-cygwin\jdk8u111\7883\hotspot\src\share\vm\prims\jni.cpp, line 735]
Event: 11.586 Thread 0x172c3800 Exception <a 'java/lang/ClassNotFoundException': sun/net/www/protocol/data/Handler> (0x04983548) thrown at [C:\re\workspace\8-2-build-windows-i586-cygwin\jdk8u111\7883\hotspot\src\share\vm\classfile\systemDictionary.cpp, line 210]
Event: 11.586 Thread 0x172c3800 Exception <a 'java/lang/ClassNotFoundException': sun/net/www/protocol/data/Handler> (0x054545e8) thrown at [C:\re\workspace\8-2-build-windows-i586-cygwin\jdk8u111\7883\hotspot\src\share\vm\classfile\systemDictionary.cpp, line 210]
Event: 11.587 Thread 0x14f21400 Exception <a 'java/io/IOException': Improper call to JPEG library in state 200> (0x053c3198) thrown at [C:\re\workspace\8-2-build-windows-i586-cygwin\jdk8u111\7883\hotspot\src\share\vm\prims\jni.cpp, line 735]
Event: 11.587 Thread 0x14f21400 Exception <a 'java/io/IOException': Improper call to JPEG library in state 200> (0x053c60a0) thrown at [C:\re\workspace\8-2-build-windows-i586-cygwin\jdk8u111\7883\hotspot\src\share\vm\prims\jni.cpp, line 735]
Event: 11.587 Thread 0x14f21400 Exception <a 'java/io/IOException': Improper call to JPEG library in state 200> (0x053cd5f0) thrown at [C:\re\workspace\8-2-build-windows-i586-cygwin\jdk8u111\7883\hotspot\src\share\vm\prims\jni.cpp, line 735]
Event: 11.736 Thread 0x14f21400 Exception <a 'java/io/FileNotFoundException'> (0x05feccb8) thrown at [C:\re\workspace\8-2-build-windows-i586-cygwin\jdk8u111\7883\hotspot\src\share\vm\prims\jni.cpp, line 709]

Events (10 events):
Event: 11.934 Executing VM operation: RevokeBias
Event: 11.934 Executing VM operation: RevokeBias done
Event: 11.934 Executing VM operation: RevokeBias
Event: 11.934 Executing VM operation: RevokeBias done
Event: 11.957 Executing VM operation: GenCollectForAllocation
Event: 11.967 Executing VM operation: GenCollectForAllocation done
Event: 11.968 Executing VM operation: RevokeBias
Event: 11.968 Executing VM operation: RevokeBias done
Event: 11.968 Executing VM operation: RevokeBias
Event: 11.968 Executing VM operation: RevokeBias done


Dynamic libraries:
0x00f00000 - 0x00f33000 	C:\Program Files\Java\jre1.8.0_111\bin\javaw.exe
0x77a00000 - 0x77b42000 	C:\Windows\SYSTEM32\ntdll.dll
0x762e0000 - 0x763b5000 	C:\Windows\system32\kernel32.dll
0x75aa0000 - 0x75aeb000 	C:\Windows\system32\KERNELBASE.dll
0x76490000 - 0x76531000 	C:\Windows\system32\ADVAPI32.dll
0x77830000 - 0x778dc000 	C:\Windows\system32\msvcrt.dll
0x77660000 - 0x77679000 	C:\Windows\SYSTEM32\sechost.dll
0x763e0000 - 0x76482000 	C:\Windows\system32\RPCRT4.dll
0x77590000 - 0x77659000 	C:\Windows\system32\USER32.dll
0x77680000 - 0x776ce000 	C:\Windows\system32\GDI32.dll
0x762d0000 - 0x762da000 	C:\Windows\system32\LPK.dll
0x77b50000 - 0x77bed000 	C:\Windows\system32\USP10.dll
0x74550000 - 0x746ee000 	C:\Windows\WinSxS\x86_microsoft.windows.common-controls_6595b64144ccf1df_6.0.7601.18837_none_41e855142bd5705d\COMCTL32.dll
0x77bf0000 - 0x77c47000 	C:\Windows\system32\SHLWAPI.dll
0x763c0000 - 0x763df000 	C:\Windows\system32\IMM32.DLL
0x77930000 - 0x779fd000 	C:\Windows\system32\MSCTF.dll
0x758e0000 - 0x758fd000 	C:\CTMS\Module\DocMal\guard.dll
0x768a0000 - 0x768a5000 	C:\Windows\system32\PSAPI.DLL
0x63000000 - 0x630bf000 	C:\Program Files\Java\jre1.8.0_111\bin\msvcr100.dll
0x55690000 - 0x55a5d000 	C:\Program Files\Java\jre1.8.0_111\bin\client\jvm.dll
0x6fc20000 - 0x6fc27000 	C:\Windows\system32\WSOCK32.dll
0x778f0000 - 0x77925000 	C:\Windows\system32\WS2_32.dll
0x77580000 - 0x77586000 	C:\Windows\system32\NSI.dll
0x73eb0000 - 0x73ee2000 	C:\Windows\system32\WINMM.dll
0x74de0000 - 0x74de9000 	C:\Windows\system32\VERSION.dll
0x74530000 - 0x7453c000 	C:\Program Files\Java\jre1.8.0_111\bin\verify.dll
0x73b40000 - 0x73b61000 	C:\Program Files\Java\jre1.8.0_111\bin\java.dll
0x73a00000 - 0x73a13000 	C:\Program Files\Java\jre1.8.0_111\bin\zip.dll
0x76930000 - 0x7757c000 	C:\Windows\system32\SHELL32.dll
0x776d0000 - 0x7782d000 	C:\Windows\system32\ole32.dll
0x75970000 - 0x7597b000 	C:\Windows\system32\profapi.dll
0x547a0000 - 0x5488e000 	C:\Program Files\Java\jre1.8.0_111\bin\msvcr120.dll
0x623e0000 - 0x62451000 	C:\Program Files\Java\jre1.8.0_111\bin\msvcp120.dll
0x6f530000 - 0x6f54e000 	C:\Program Files\Java\jre1.8.0_111\bin\prism_d3d.dll
0x67340000 - 0x67503000 	C:\Windows\system32\d3d9.dll
0x73a90000 - 0x73a96000 	C:\Windows\system32\d3d8thk.dll
0x741e0000 - 0x741f3000 	C:\Windows\system32\dwmapi.dll
0x744d0000 - 0x74510000 	C:\Windows\system32\uxtheme.dll
0x63990000 - 0x64118000 	C:\Windows\system32\igdumdim32.dll
0x6b9c0000 - 0x6bd07000 	C:\Windows\system32\igdusc32.dll
0x6d260000 - 0x6d293000 	C:\Program Files\Java\jre1.8.0_111\bin\glass.dll
0x76780000 - 0x767fb000 	C:\Windows\system32\COMDLG32.dll
0x76800000 - 0x76891000 	C:\Windows\system32\OLEAUT32.dll
0x75860000 - 0x7586c000 	C:\Windows\system32\CRYPTBASE.dll
0x6f510000 - 0x6f521000 	C:\Program Files\Java\jre1.8.0_111\bin\javafx_font.dll
0x54d70000 - 0x54ea6000 	C:\Windows\system32\dwrite.dll
0x17760000 - 0x197cb000 	C:\Program Files\Java\jre1.8.0_111\bin\jfxwebkit.dll
0x75380000 - 0x75397000 	C:\Windows\system32\CRYPTSP.dll
0x75110000 - 0x7514b000 	C:\Windows\system32\rsaenh.dll
0x739e0000 - 0x739f6000 	C:\Program Files\Java\jre1.8.0_111\bin\net.dll
0x75340000 - 0x7537c000 	C:\Windows\system32\mswsock.dll
0x75330000 - 0x75336000 	C:\Windows\System32\wship6.dll
0x73b30000 - 0x73b3f000 	C:\Program Files\Java\jre1.8.0_111\bin\nio.dll
0x74e80000 - 0x74e85000 	C:\Windows\System32\wshtcpip.dll
0x75200000 - 0x75244000 	C:\Windows\system32\DNSAPI.dll
0x732c0000 - 0x732dc000 	C:\Windows\system32\IPHLPAPI.DLL
0x732a0000 - 0x732a7000 	C:\Windows\system32\WINNSI.DLL
0x6ee40000 - 0x6ee46000 	C:\Windows\system32\rasadhlp.dll
0x731d0000 - 0x73208000 	C:\Windows\System32\fwpuclnt.dll
0x76540000 - 0x765c3000 	C:\Windows\system32\CLBCatQ.DLL
0x74070000 - 0x741a1000 	C:\Windows\system32\WindowsCodecs.dll
0x75810000 - 0x7585c000 	C:\Windows\system32\apphelp.dll
0x6c550000 - 0x6c581000 	C:\Windows\system32\EhStorShell.dll
0x75c90000 - 0x75e2d000 	C:\Windows\system32\SETUPAPI.dll
0x75980000 - 0x759a7000 	C:\Windows\system32\CFGMGR32.dll
0x75c50000 - 0x75c62000 	C:\Windows\system32\DEVOBJ.dll
0x74ae0000 - 0x74bd5000 	C:\Windows\system32\PROPSYS.dll
0x6b8e0000 - 0x6b94a000 	C:\Windows\System32\cscui.dll
0x6f0f0000 - 0x6f0f9000 	C:\Windows\System32\CSCDLL.dll
0x68fd0000 - 0x68fdb000 	C:\Windows\system32\CSCAPI.dll
0x6b870000 - 0x6b8e0000 	C:\Windows\system32\ntshrui.dll
0x75760000 - 0x75779000 	C:\Windows\system32\srvcli.dll
0x73aa0000 - 0x73aaa000 	C:\Windows\system32\slc.dll
0x6c960000 - 0x6c981000 	C:\Program Files\Common Files\Microsoft Shared\Ink\rtscom.dll
0x6a440000 - 0x6a4cc000 	C:\Windows\system32\ime\imekr8\imkrtip.dll
0x6f050000 - 0x6f0ae000 	C:\Windows\system32\ime\shared\imetip.dll
0x6f850000 - 0x6f870000 	C:\Windows\system32\ime\imekr8\imkrapi.dll
0x6f820000 - 0x6f843000 	C:\Windows\system32\ime\shared\imjkapi.dll
0x1ca40000 - 0x1ca99000 	C:\Program Files\TruecutSecurity\TrojanAPI.DLL
0x6f880000 - 0x6f88f000 	C:\Program Files\Java\jre1.8.0_111\bin\prism_common.dll
0x73880000 - 0x738a0000 	C:\Program Files\Java\jre1.8.0_111\bin\sunec.dll
0x75c30000 - 0x75c47000 	C:\Windows\system32\USERENV.dll
0x73280000 - 0x7328d000 	C:\Windows\system32\dhcpcsvc6.DLL
0x73110000 - 0x73122000 	C:\Windows\system32\dhcpcsvc.DLL
0x6c930000 - 0x6c951000 	C:\Program Files\Java\jre1.8.0_111\bin\javafx_iio.dll
0x73840000 - 0x73849000 	C:\Program Files\Java\jre1.8.0_111\bin\sunmscapi.dll
0x75b00000 - 0x75c21000 	C:\Windows\system32\CRYPT32.dll
0x75960000 - 0x7596c000 	C:\Windows\system32\MSASN1.dll
0x5e050000 - 0x5e0b5000 	C:\Program Files\Java\jre1.8.0_111\bin\glib-lite.dll
0x53f00000 - 0x53f81000 	C:\Program Files\Java\jre1.8.0_111\bin\gstreamer-lite.dll
0x69750000 - 0x697c2000 	C:\Windows\system32\DSOUND.dll
0x74c20000 - 0x74c45000 	C:\Windows\system32\POWRPROF.dll
0x6c880000 - 0x6c89e000 	C:\Program Files\Java\jre1.8.0_111\bin\jfxmedia.dll
0x73c60000 - 0x73d4b000 	C:\Windows\system32\dbghelp.dll

VM Arguments:
jvm_args: -Dfile.encoding=MS949 
java_command: mil.navy.monitoring.MainApp
java_class_path (initial): C:\Users\navy\Downloads\workspace\WebMonitoringTool\bin;C:\Users\navy\Downloads\eclipse-java-neon-1a-win32\eclipse\plugins\org.eclipse.fx.ide.css.jfx8_2.4.0.201605112122.jar
Launcher Type: SUN_STANDARD

Environment Variables:
PATH=C:/Program Files/Java/jre1.8.0_111/bin/client;C:/Program Files/Java/jre1.8.0_111/bin;C:/Program Files/Java/jre1.8.0_111/lib/i386;C:\ProgramData\Oracle\Java\javapath;C:\Program Files\Intel\iCLS Client\;C:\Windows\system32;C:\Windows;C:\Windows\System32\Wbem;C:\Windows\System32\WindowsPowerShell\v1.0\;C:\Program Files\Intel\OpenCL SDK\3.0\bin\x86;C:\Program Files\Intel\Intel(R) Management Engine Components\DAL;C:\Program Files\Intel\Intel(R) Management Engine Components\IPT;C:\Users\navy\Downloads\eclipse-java-neon-1a-win32\eclipse;
USERNAME=navy
OS=Windows_NT
PROCESSOR_IDENTIFIER=x86 Family 6 Model 60 Stepping 3, GenuineIntel



---------------  S Y S T E M  ---------------

OS: Windows 7 Build 7601 (6.1.7601.23392)

CPU:total 4 (2 cores per cpu, 2 threads per core) family 6 model 60 stepping 3, cmov, cx8, fxsr, mmx, sse, sse2, sse3, ssse3, sse4.1, sse4.2, popcnt, avx, avx2, aes, clmul, erms, lzcnt, ht, tsc, tscinvbit, bmi1, bmi2

Memory: 4k page, physical 3537412k(653532k free), swap 10225360k(4260560k free)

vm_info: Java HotSpot(TM) Client VM (25.111-b14) for windows-x86 JRE (1.8.0_111-b14), built on Sep 22 2016 18:54:33 by "java_re" with MS VC++ 10.0 (VS2010)

time: Thu Dec 01 01:57:23 2016
elapsed time: 11 seconds (0d 0h 0m 11s)

