#
# A fatal error has been detected by the Java Runtime Environment:
#
#  EXCEPTION_ACCESS_VIOLATION (0xc0000005) at pc=0x182a6b73, pid=1588, tid=0x00001980
#
# JRE version: Java(TM) SE Runtime Environment (8.0_111-b14) (build 1.8.0_111-b14)
# Java VM: Java HotSpot(TM) Client VM (25.111-b14 mixed mode, sharing windows-x86 )
# Problematic frame:
# C  [jfxwebkit.dll+0xa86b73]
#
# Failed to write core dump. Minidumps are not enabled by default on client versions of Windows
#
# If you would like to submit a bug report, please visit:
#   http://bugreport.java.com/bugreport/crash.jsp
# The crash happened outside the Java Virtual Machine in native code.
# See problematic frame for where to report the bug.
#

---------------  T H R E A D  ---------------

Current thread (0x14eda000):  JavaThread "JavaFX Application Thread" [_thread_in_native, id=6528, stack(0x153a0000,0x153f0000)]

siginfo: ExceptionCode=0xc0000005, writing address 0xbbadbeef

Registers:
EAX=0x00000000, EBX=0x406af420, ECX=0x779550d2, EDX=0x153f0000
ESP=0x153ed5fc, EBP=0x0013b279, ESI=0x00000000, EDI=0x0013b279
EIP=0x182a6b73, EFLAGS=0x00010206

Top of Stack: (sp=0x153ed5fc)
0x153ed5fc:   406af420 00000048 153ed610 53d44894
0x153ed60c:   00000020 153ed64c 53d448ca 197c5e98
0x153ed61c:   153ed660 003b335c 153ed648 53d9f57e
0x153ed62c:   003b335c 197c5e98 003b335c 76f5c5c0
0x153ed63c:   00000040 197c5e98 003b335c 153ed654
0x153ed64c:   53d3ed29 00000006 153ed67c 53d3f747
0x153ed65c:   00000008 00000000 0013b279 53d41782
0x153ed66c:   53d8dace 0013b279 406af420 0013b279 

Instructions: (pc=0x182a6b73)
0x182a6b53:   04 51 6a 21 6a 00 ff d0 0f b7 c0 eb 02 33 c0 83
0x182a6b63:   c0 fe 50 8d 44 24 0c 50 e8 50 05 00 00 83 c4 08
0x182a6b73:   c7 05 ef be ad bb 00 00 00 00 33 c0 ff d0 8b 8c
0x182a6b83:   24 84 00 00 00 33 cc e8 f7 81 2d 00 81 c4 88 00 


Register to memory mapping:

EAX=0x00000000 is an unknown value
EBX=0x406af420 is an unknown value
ECX=0x779550d2 is an unknown value
EDX=0x153f0000 is pointing into the stack for thread: 0x14eda000
ESP=0x153ed5fc is pointing into the stack for thread: 0x14eda000
EBP=0x0013b279 is an unknown value
ESI=0x00000000 is an unknown value
EDI=0x0013b279 is an unknown value


Stack: [0x153a0000,0x153f0000],  sp=0x153ed5fc,  free space=309k
Native frames: (J=compiled Java code, j=interpreted, Vv=VM code, C=native code)
C  [jfxwebkit.dll+0xa86b73]

Java frames: (J=compiled Java code, j=interpreted, Vv=VM code)
J 2412  com.sun.webkit.network.URLLoader.twkDidReceiveData(Ljava/nio/ByteBuffer;IIJ)V (0 bytes) @ 0x01d3fa09 [0x01d3f9a0+0x69]
J 2411 C1 com.sun.webkit.network.URLLoader.notifyDidReceiveData(Ljava/nio/ByteBuffer;II)V (69 bytes) @ 0x01d407cc [0x01d40250+0x57c]
J 2416 C1 com.sun.webkit.network.URLLoader$$Lambda$105.run()V (16 bytes) @ 0x01d41ad4 [0x01d41a80+0x54]
J 1908 C1 com.sun.javafx.application.PlatformImpl$$Lambda$50.run()Ljava/lang/Object; (8 bytes) @ 0x01c91cb8 [0x01c91c90+0x28]
v  ~StubRoutines::call_stub
J 1459  java.security.AccessController.doPrivileged(Ljava/security/PrivilegedAction;Ljava/security/AccessControlContext;)Ljava/lang/Object; (0 bytes) @ 0x01bf4287 [0x01bf4220+0x67]
J 1905 C1 com.sun.javafx.application.PlatformImpl.lambda$runLater$174(Ljava/lang/Runnable;Ljava/security/AccessControlContext;)V (38 bytes) @ 0x01c91510 [0x01c914b0+0x60]
J 1904 C1 com.sun.javafx.application.PlatformImpl$$Lambda$49.run()V (12 bytes) @ 0x01c912ac [0x01c91280+0x2c]
J 1893 C1 com.sun.glass.ui.InvokeLaterDispatcher$Future.run()V (91 bytes) @ 0x01c8d430 [0x01c8d400+0x30]
v  ~StubRoutines::call_stub
j  com.sun.glass.ui.win.WinApplication._runLoop(Ljava/lang/Runnable;)V+0
j  com.sun.glass.ui.win.WinApplication.lambda$null$148(ILjava/lang/Runnable;)V+8
j  com.sun.glass.ui.win.WinApplication$$Lambda$38.run()V+12
j  java.lang.Thread.run()V+11
v  ~StubRoutines::call_stub

---------------  P R O C E S S  ---------------

Java Threads: ( => current thread )
  0x1752bc00 JavaThread "Thread-698428" daemon [_thread_in_native, id=7524, stack(0x29dc0000,0x29e10000)]
  0x1c697800 JavaThread "JFXMedia Player EventQueueThread" daemon [_thread_blocked, id=7428, stack(0x2a590000,0x2a5e0000)]
  0x1752a800 JavaThread "URL-Loader-1445" daemon [_thread_blocked, id=7728, stack(0x2a370000,0x2a3c0000)]
  0x1752a400 JavaThread "URL-Loader-1444" daemon [_thread_blocked, id=7156, stack(0x24f70000,0x24fc0000)]
  0x1c2fe400 JavaThread "URL-Loader-1443" daemon [_thread_blocked, id=4380, stack(0x27d10000,0x27d60000)]
  0x1c677000 JavaThread "URL-Loader-1442" daemon [_thread_blocked, id=7556, stack(0x276d0000,0x27720000)]
  0x1c678400 JavaThread "URL-Loader-1441" daemon [_thread_blocked, id=6888, stack(0x25000000,0x25050000)]
  0x1c678000 JavaThread "URL-Loader-1440" daemon [_thread_blocked, id=5656, stack(0x263c0000,0x26410000)]
  0x1c677800 JavaThread "URL-Loader-1439" daemon [_thread_blocked, id=7664, stack(0x29f10000,0x29f60000)]
  0x1c69ac00 JavaThread "URL-Loader-1438" daemon [_thread_blocked, id=6116, stack(0x29ce0000,0x29d30000)]
  0x1c699800 JavaThread "URL-Loader-1437" daemon [_thread_blocked, id=7344, stack(0x298f0000,0x29940000)]
  0x1c699400 JavaThread "URL-Loader-1436" daemon [_thread_blocked, id=7388, stack(0x280f0000,0x28140000)]
  0x1c69a000 JavaThread "URL-Loader-1435" daemon [_thread_blocked, id=5420, stack(0x26410000,0x26460000)]
  0x3e513c00 JavaThread "Keep-Alive-Timer" daemon [_thread_blocked, id=8188, stack(0x29bd0000,0x29c20000)]
  0x3e512800 JavaThread "URL-Loader-1434" daemon [_thread_blocked, id=2172, stack(0x29a60000,0x29ab0000)]
  0x1c428c00 JavaThread "URL-Loader-1413" daemon [_thread_blocked, id=8160, stack(0x26480000,0x264d0000)]
  0x3e513000 JavaThread "URL-Loader-1295" daemon [_thread_in_native, id=4384, stack(0x24980000,0x249d0000)]
  0x1c698400 JavaThread "URL-Loader-894" daemon [_thread_in_native, id=7104, stack(0x281a0000,0x281f0000)]
  0x1c678c00 JavaThread "URL-Loader-838" daemon [_thread_in_native, id=5700, stack(0x2e330000,0x2e380000)]
  0x1c69a400 JavaThread "URL-Loader-795" daemon [_thread_in_native, id=4608, stack(0x265f0000,0x26640000)]
  0x1c252800 JavaThread "URL-Loader-536" daemon [_thread_in_native, id=6600, stack(0x26560000,0x265b0000)]
  0x1c429400 JavaThread "URL-Loader-329" daemon [_thread_in_native, id=6420, stack(0x29e90000,0x29ee0000)]
  0x1c2fdc00 JavaThread "URL-Loader-71" daemon [_thread_in_native, id=6596, stack(0x37560000,0x375b0000)]
  0x1c127400 JavaThread "Media Resource Disposer" daemon [_thread_blocked, id=6232, stack(0x307c0000,0x30810000)]
  0x1c126800 JavaThread "Thread-56" daemon [_thread_in_native, id=6332, stack(0x23d70000,0x23dc0000)]
  0x17409800 JavaThread "Watchdog-Timer-1" daemon [_thread_blocked, id=7232, stack(0x1bfe0000,0x1c030000)]
  0x17409400 JavaThread "Timer-10" [_thread_blocked, id=4092, stack(0x1bed0000,0x1bf20000)]
  0x17408c00 JavaThread "Prism Font Disposer" daemon [_thread_blocked, id=5616, stack(0x1c0a0000,0x1c0f0000)]
  0x17408800 JavaThread "Timer-9" [_thread_blocked, id=5960, stack(0x19890000,0x198e0000)]
  0x17407800 JavaThread "Timer-8" [_thread_blocked, id=7100, stack(0x1a7b0000,0x1a800000)]
  0x17406c00 JavaThread "Timer-7" [_thread_blocked, id=4308, stack(0x155b0000,0x15600000)]
  0x17406000 JavaThread "Timer-6" [_thread_blocked, id=7808, stack(0x1a5f0000,0x1a640000)]
  0x17405400 JavaThread "Timer-5" [_thread_blocked, id=6996, stack(0x1a540000,0x1a590000)]
  0x17404800 JavaThread "Timer-4" [_thread_blocked, id=6204, stack(0x1a470000,0x1a4c0000)]
  0x17403c00 JavaThread "Timer-3" [_thread_blocked, id=3644, stack(0x1a370000,0x1a3c0000)]
  0x17403000 JavaThread "Timer-2" [_thread_blocked, id=4468, stack(0x15780000,0x157d0000)]
  0x17402000 JavaThread "Timer-1" [_thread_blocked, id=5676, stack(0x1a0b0000,0x1a100000)]
  0x173f7400 JavaThread "Timer-0" [_thread_blocked, id=3508, stack(0x1a1c0000,0x1a210000)]
  0x17330000 JavaThread "Disposer" daemon [_thread_blocked, id=7520, stack(0x17080000,0x170d0000)]
  0x14f14800 JavaThread "Thread-3" daemon [_thread_in_native, id=5156, stack(0x15120000,0x15170000)]
  0x14f18000 JavaThread "JavaFX-Launcher" [_thread_blocked, id=6084, stack(0x170d0000,0x17120000)]
=>0x14eda000 JavaThread "JavaFX Application Thread" [_thread_in_native, id=6528, stack(0x153a0000,0x153f0000)]
  0x14ee7000 JavaThread "Thread-1" daemon [_thread_blocked, id=5304, stack(0x154e0000,0x15530000)]
  0x14ec9400 JavaThread "QuantumRenderer-0" daemon [_thread_blocked, id=6552, stack(0x14650000,0x146a0000)]
  0x01454c00 JavaThread "Service Thread" daemon [_thread_blocked, id=7308, stack(0x13ba0000,0x13bf0000)]
  0x0144c800 JavaThread "C1 CompilerThread0" daemon [_thread_blocked, id=7368, stack(0x146a0000,0x146f0000)]
  0x0144b400 JavaThread "Attach Listener" daemon [_thread_blocked, id=6476, stack(0x14720000,0x14770000)]
  0x01448800 JavaThread "Signal Dispatcher" daemon [_thread_blocked, id=6184, stack(0x13ac0000,0x13b10000)]
  0x01431000 JavaThread "Finalizer" daemon [_thread_blocked, id=1388, stack(0x13a20000,0x13a70000)]
  0x013d3c00 JavaThread "Reference Handler" daemon [_thread_blocked, id=3888, stack(0x014b0000,0x01500000)]
  0x005abc00 JavaThread "main" [_thread_blocked, id=6180, stack(0x012d0000,0x01320000)]

Other Threads:
  0x013cf800 VMThread [stack: 0x03940000,0x03990000] [id=6220]
  0x14db8400 WatcherThread [stack: 0x13b30000,0x13b80000] [id=7192]

VM state:not at safepoint (normal execution)

VM Mutex/Monitor currently owned by a thread: None

Heap:
 def new generation   total 78656K, used 50308K [0x03a00000, 0x08f50000, 0x08f50000)
  eden space 69952K,  59% used [0x03a00000, 0x062a1230, 0x07e50000)
  from space 8704K, 100% used [0x07e50000, 0x086d0000, 0x086d0000)
  to   space 8704K,   0% used [0x086d0000, 0x086d0000, 0x08f50000)
 tenured generation   total 174784K, used 107405K [0x08f50000, 0x13a00000, 0x13a00000)
   the space 174784K,  61% used [0x08f50000, 0x0f833700, 0x0f833800, 0x13a00000)
 Metaspace       used 11095K, capacity 11821K, committed 11904K, reserved 12672K

Card table byte_map: [0x005d0000,0x00660000] byte_map_base: 0x005b3000

Polling page: 0x00340000

CodeCache: size=32768Kb used=5095Kb max_used=5359Kb free=27672Kb
 bounds [0x01920000, 0x01e88000, 0x03920000]
 total_blobs=3148 nmethods=2687 adapters=390
 compilation: enabled

Compilation events (10 events):
Event: 2875.904 Thread 0x0144c800 69147             com.sun.javafx.geom.transform.BaseTransform::getMyy (2 bytes)
Event: 2875.904 Thread 0x0144c800 nmethod 69147 0x01cfcac8 code [0x01cfcbd0, 0x01cfcc50]
Event: 2875.904 Thread 0x0144c800 69148             com.sun.prism.impl.VertexBuffer::addQuad (63 bytes)
Event: 2875.905 Thread 0x0144c800 nmethod 69148 0x01debc08 code [0x01debd30, 0x01debf0c]
Event: 2875.905 Thread 0x0144c800 69149             com.sun.prism.impl.VertexBuffer::ensureCapacityForQuad (38 bytes)
Event: 2875.905 Thread 0x0144c800 nmethod 69149 0x01bfe748 code [0x01bfe850, 0x01bfe958]
Event: 2875.906 Thread 0x0144c800 69150             com.sun.javafx.geom.transform.BaseTransform::getMyt (2 bytes)
Event: 2875.906 Thread 0x0144c800 nmethod 69150 0x01ace688 code [0x01ace780, 0x01ace800]
Event: 2875.940 Thread 0x0144c800 69151             com.sun.javafx.geom.transform.BaseTransform::getMxt (2 bytes)
Event: 2875.940 Thread 0x0144c800 nmethod 69151 0x01bb1888 code [0x01bb1980, 0x01bb1a00]

GC Heap History (10 events):
Event: 2870.365 GC heap before
{Heap before GC invocations=1879 (full 249):
 def new generation   total 78656K, used 75886K [0x03a00000, 0x08f50000, 0x08f50000)
  eden space 69952K, 100% used [0x03a00000, 0x07e50000, 0x07e50000)
  from space 8704K,  68% used [0x07e50000, 0x0841b9e8, 0x086d0000)
  to   space 8704K,   0% used [0x086d0000, 0x086d0000, 0x08f50000)
 tenured generation   total 174784K, used 134377K [0x08f50000, 0x13a00000, 0x13a00000)
   the space 174784K,  76% used [0x08f50000, 0x1128a6b8, 0x1128a800, 0x13a00000)
 Metaspace       used 11095K, capacity 11821K, committed 11904K, reserved 12672K
Event: 2870.374 GC heap after
Heap after GC invocations=1880 (full 249):
 def new generation   total 78656K, used 8704K [0x03a00000, 0x08f50000, 0x08f50000)
  eden space 69952K,   0% used [0x03a00000, 0x03a00000, 0x07e50000)
  from space 8704K, 100% used [0x086d0000, 0x08f50000, 0x08f50000)
  to   space 8704K,   0% used [0x07e50000, 0x07e50000, 0x086d0000)
 tenured generation   total 174784K, used 147610K [0x08f50000, 0x13a00000, 0x13a00000)
   the space 174784K,  84% used [0x08f50000, 0x11f76988, 0x11f76a00, 0x13a00000)
 Metaspace       used 11095K, capacity 11821K, committed 11904K, reserved 12672K
}
Event: 2870.758 GC heap before
{Heap before GC invocations=1880 (full 249):
 def new generation   total 78656K, used 78656K [0x03a00000, 0x08f50000, 0x08f50000)
  eden space 69952K, 100% used [0x03a00000, 0x07e50000, 0x07e50000)
  from space 8704K, 100% used [0x086d0000, 0x08f50000, 0x08f50000)
  to   space 8704K,   0% used [0x07e50000, 0x07e50000, 0x086d0000)
 tenured generation   total 174784K, used 147610K [0x08f50000, 0x13a00000, 0x13a00000)
   the space 174784K,  84% used [0x08f50000, 0x11f76988, 0x11f76a00, 0x13a00000)
 Metaspace       used 11095K, capacity 11821K, committed 11904K, reserved 12672K
Event: 2870.766 GC heap after
Heap after GC invocations=1881 (full 249):
 def new generation   total 78656K, used 8466K [0x03a00000, 0x08f50000, 0x08f50000)
  eden space 69952K,   0% used [0x03a00000, 0x03a00000, 0x07e50000)
  from space 8704K,  97% used [0x07e50000, 0x08694970, 0x086d0000)
  to   space 8704K,   0% used [0x086d0000, 0x086d0000, 0x08f50000)
 tenured generation   total 174784K, used 153121K [0x08f50000, 0x13a00000, 0x13a00000)
   the space 174784K,  87% used [0x08f50000, 0x124d8438, 0x124d8600, 0x13a00000)
 Metaspace       used 11095K, capacity 11821K, committed 11904K, reserved 12672K
}
Event: 2871.245 GC heap before
{Heap before GC invocations=1881 (full 249):
 def new generation   total 78656K, used 78418K [0x03a00000, 0x08f50000, 0x08f50000)
  eden space 69952K, 100% used [0x03a00000, 0x07e50000, 0x07e50000)
  from space 8704K,  97% used [0x07e50000, 0x08694970, 0x086d0000)
  to   space 8704K,   0% used [0x086d0000, 0x086d0000, 0x08f50000)
 tenured generation   total 174784K, used 153121K [0x08f50000, 0x13a00000, 0x13a00000)
   the space 174784K,  87% used [0x08f50000, 0x124d8438, 0x124d8600, 0x13a00000)
 Metaspace       used 11095K, capacity 11821K, committed 11904K, reserved 12672K
Event: 2871.258 GC heap after
Heap after GC invocations=1882 (full 249):
 def new generation   total 78656K, used 8704K [0x03a00000, 0x08f50000, 0x08f50000)
  eden space 69952K,   0% used [0x03a00000, 0x03a00000, 0x07e50000)
  from space 8704K, 100% used [0x086d0000, 0x08f50000, 0x08f50000)
  to   space 8704K,   0% used [0x07e50000, 0x07e50000, 0x086d0000)
 tenured generation   total 174784K, used 165535K [0x08f50000, 0x13a00000, 0x13a00000)
   the space 174784K,  94% used [0x08f50000, 0x130f7ea0, 0x130f8000, 0x13a00000)
 Metaspace       used 11095K, capacity 11821K, committed 11904K, reserved 12672K
}
Event: 2872.620 GC heap before
{Heap before GC invocations=1882 (full 249):
 def new generation   total 78656K, used 78656K [0x03a00000, 0x08f50000, 0x08f50000)
  eden space 69952K, 100% used [0x03a00000, 0x07e50000, 0x07e50000)
  from space 8704K, 100% used [0x086d0000, 0x08f50000, 0x08f50000)
  to   space 8704K,   0% used [0x07e50000, 0x07e50000, 0x086d0000)
 tenured generation   total 174784K, used 165535K [0x08f50000, 0x13a00000, 0x13a00000)
   the space 174784K,  94% used [0x08f50000, 0x130f7ea0, 0x130f8000, 0x13a00000)
 Metaspace       used 11095K, capacity 11821K, committed 11904K, reserved 12672K
Event: 2872.710 GC heap after
Heap after GC invocations=1883 (full 250):
 def new generation   total 78656K, used 0K [0x03a00000, 0x08f50000, 0x08f50000)
  eden space 69952K,   0% used [0x03a00000, 0x03a00000, 0x07e50000)
  from space 8704K,   0% used [0x086d0000, 0x086d0000, 0x08f50000)
  to   space 8704K,   0% used [0x07e50000, 0x07e50000, 0x086d0000)
 tenured generation   total 174784K, used 97283K [0x08f50000, 0x13a00000, 0x13a00000)
   the space 174784K,  55% used [0x08f50000, 0x0ee50fb8, 0x0ee51000, 0x13a00000)
 Metaspace       used 11095K, capacity 11821K, committed 11904K, reserved 12672K
}
Event: 2873.973 GC heap before
{Heap before GC invocations=1883 (full 250):
 def new generation   total 78656K, used 69952K [0x03a00000, 0x08f50000, 0x08f50000)
  eden space 69952K, 100% used [0x03a00000, 0x07e50000, 0x07e50000)
  from space 8704K,   0% used [0x086d0000, 0x086d0000, 0x08f50000)
  to   space 8704K,   0% used [0x07e50000, 0x07e50000, 0x086d0000)
 tenured generation   total 174784K, used 97283K [0x08f50000, 0x13a00000, 0x13a00000)
   the space 174784K,  55% used [0x08f50000, 0x0ee50fb8, 0x0ee51000, 0x13a00000)
 Metaspace       used 11095K, capacity 11821K, committed 11904K, reserved 12672K
Event: 2873.985 GC heap after
Heap after GC invocations=1884 (full 250):
 def new generation   total 78656K, used 8704K [0x03a00000, 0x08f50000, 0x08f50000)
  eden space 69952K,   0% used [0x03a00000, 0x03a00000, 0x07e50000)
  from space 8704K, 100% used [0x07e50000, 0x086d0000, 0x086d0000)
  to   space 8704K,   0% used [0x086d0000, 0x086d0000, 0x08f50000)
 tenured generation   total 174784K, used 107405K [0x08f50000, 0x13a00000, 0x13a00000)
   the space 174784K,  61% used [0x08f50000, 0x0f833700, 0x0f833800, 0x13a00000)
 Metaspace       used 11095K, capacity 11821K, committed 11904K, reserved 12672K
}

Deoptimization events (0 events):
No events

Internal exceptions (10 events):
Event: 2871.381 Thread 0x1c4f8400 Implicit null exception at 0x01ddedbc to 0x01ddedd7
Event: 2871.381 Thread 0x1c4f8400 Exception <a 'java/lang/NullPointerException'> (0x03e3f9e8) thrown at [C:\re\workspace\8-2-build-windows-i586-cygwin\jdk8u111\7883\hotspot\src\share\vm\runtime\sharedRuntime.cpp, line 605]
Event: 2871.405 Thread 0x14eda000 Exception <a 'java/io/FileNotFoundException'> (0x03eaa508) thrown at [C:\re\workspace\8-2-build-windows-i586-cygwin\jdk8u111\7883\hotspot\src\share\vm\prims\jni.cpp, line 709]
Event: 2871.515 Thread 0x3e511400 Implicit null exception at 0x01ddedbc to 0x01ddedd7
Event: 2871.515 Thread 0x3e511400 Exception <a 'java/lang/NullPointerException'> (0x05c3ca18) thrown at [C:\re\workspace\8-2-build-windows-i586-cygwin\jdk8u111\7883\hotspot\src\share\vm\runtime\sharedRuntime.cpp, line 605]
Event: 2871.576 Thread 0x1c7cd000 Implicit null exception at 0x01ddedbc to 0x01ddedd7
Event: 2871.576 Thread 0x1c7cd000 Exception <a 'java/lang/NullPointerException'> (0x06c526e8) thrown at [C:\re\workspace\8-2-build-windows-i586-cygwin\jdk8u111\7883\hotspot\src\share\vm\runtime\sharedRuntime.cpp, line 605]
Event: 2871.628 Thread 0x1752bc00 Implicit null exception at 0x01ddedbc to 0x01ddedd7
Event: 2871.628 Thread 0x1752bc00 Exception <a 'java/lang/NullPointerException'> (0x071a4a20) thrown at [C:\re\workspace\8-2-build-windows-i586-cygwin\jdk8u111\7883\hotspot\src\share\vm\runtime\sharedRuntime.cpp, line 605]
Event: 2872.001 Thread 0x14eda000 Exception <a 'java/lang/ClassNotFoundException': sun/net/www/protocol/about/Handler> (0x076c44f8) thrown at [C:\re\workspace\8-2-build-windows-i586-cygwin\jdk8u111\7883\hotspot\src\share\vm\classfile\systemDictionary.cpp, line 210]

Events (10 events):
Event: 2875.995 Thread 0x1752bc00 Thread exited: 0x1752bc00
Event: 2875.996 Thread 0x1752bc00 Thread added: 0x1752bc00
Event: 2875.996 Thread 0x1752bc00 Thread exited: 0x1752bc00
Event: 2875.996 Thread 0x1752bc00 Thread added: 0x1752bc00
Event: 2875.996 Thread 0x1752bc00 Thread exited: 0x1752bc00
Event: 2875.996 Thread 0x1752bc00 Thread added: 0x1752bc00
Event: 2875.997 Thread 0x1752bc00 Thread exited: 0x1752bc00
Event: 2875.997 Thread 0x1752bc00 Thread added: 0x1752bc00
Event: 2875.997 Thread 0x1752bc00 Thread exited: 0x1752bc00
Event: 2875.997 Thread 0x1752bc00 Thread added: 0x1752bc00


Dynamic libraries:
0x01350000 - 0x01383000 	C:\Program Files\Java\jre1.8.0_111\bin\javaw.exe
0x77930000 - 0x77a72000 	C:\Windows\SYSTEM32\ntdll.dll
0x76f10000 - 0x76fe5000 	C:\Windows\system32\kernel32.dll
0x75a60000 - 0x75aab000 	C:\Windows\system32\KERNELBASE.dll
0x77110000 - 0x771b1000 	C:\Windows\system32\ADVAPI32.dll
0x771c0000 - 0x7726c000 	C:\Windows\system32\msvcrt.dll
0x76ff0000 - 0x77009000 	C:\Windows\SYSTEM32\sechost.dll
0x768a0000 - 0x76942000 	C:\Windows\system32\RPCRT4.dll
0x77010000 - 0x770d9000 	C:\Windows\system32\USER32.dll
0x775f0000 - 0x7763e000 	C:\Windows\system32\GDI32.dll
0x77b70000 - 0x77b7a000 	C:\Windows\system32\LPK.dll
0x772f0000 - 0x7738d000 	C:\Windows\system32\USP10.dll
0x747a0000 - 0x7493e000 	C:\Windows\WinSxS\x86_microsoft.windows.common-controls_6595b64144ccf1df_6.0.7601.18837_none_41e855142bd5705d\COMCTL32.dll
0x77ae0000 - 0x77b37000 	C:\Windows\system32\SHLWAPI.dll
0x77b50000 - 0x77b6f000 	C:\Windows\system32\IMM32.DLL
0x76e40000 - 0x76f0d000 	C:\Windows\system32\MSCTF.dll
0x75810000 - 0x7582d000 	C:\CTMS\Module\DocMal\guard.dll
0x77b40000 - 0x77b45000 	C:\Windows\system32\PSAPI.DLL
0x54090000 - 0x5414f000 	C:\Program Files\Java\jre1.8.0_111\bin\msvcr100.dll
0x57610000 - 0x579dd000 	C:\Program Files\Java\jre1.8.0_111\bin\client\jvm.dll
0x6d900000 - 0x6d907000 	C:\Windows\system32\WSOCK32.dll
0x77aa0000 - 0x77ad5000 	C:\Windows\system32\WS2_32.dll
0x77a80000 - 0x77a86000 	C:\Windows\system32\NSI.dll
0x73bd0000 - 0x73c02000 	C:\Windows\system32\WINMM.dll
0x74d10000 - 0x74d19000 	C:\Windows\system32\VERSION.dll
0x6e150000 - 0x6e15c000 	C:\Program Files\Java\jre1.8.0_111\bin\verify.dll
0x6e120000 - 0x6e141000 	C:\Program Files\Java\jre1.8.0_111\bin\java.dll
0x6e100000 - 0x6e113000 	C:\Program Files\Java\jre1.8.0_111\bin\zip.dll
0x75bc0000 - 0x7680c000 	C:\Windows\system32\SHELL32.dll
0x76950000 - 0x76aad000 	C:\Windows\system32\ole32.dll
0x758a0000 - 0x758ab000 	C:\Windows\system32\profapi.dll
0x53d30000 - 0x53e1e000 	C:\Program Files\Java\jre1.8.0_111\bin\msvcr120.dll
0x54290000 - 0x54301000 	C:\Program Files\Java\jre1.8.0_111\bin\msvcp120.dll
0x73390000 - 0x733ae000 	C:\Program Files\Java\jre1.8.0_111\bin\prism_d3d.dll
0x69440000 - 0x69603000 	C:\Windows\system32\d3d9.dll
0x6dc60000 - 0x6dc66000 	C:\Windows\system32\d3d8thk.dll
0x74110000 - 0x74123000 	C:\Windows\system32\dwmapi.dll
0x745f0000 - 0x74630000 	C:\Windows\system32\uxtheme.dll
0x63780000 - 0x63f08000 	C:\Windows\system32\igdumdim32.dll
0x6a520000 - 0x6a867000 	C:\Windows\system32\igdusc32.dll
0x72cd0000 - 0x72d03000 	C:\Program Files\Java\jre1.8.0_111\bin\glass.dll
0x77270000 - 0x772eb000 	C:\Windows\system32\COMDLG32.dll
0x76da0000 - 0x76e31000 	C:\Windows\system32\OLEAUT32.dll
0x75740000 - 0x7574c000 	C:\Windows\system32\CRYPTBASE.dll
0x72f90000 - 0x72fa1000 	C:\Program Files\Java\jre1.8.0_111\bin\javafx_font.dll
0x57390000 - 0x574c6000 	C:\Windows\system32\dwrite.dll
0x17820000 - 0x1988b000 	C:\Program Files\Java\jre1.8.0_111\bin\jfxwebkit.dll
0x752b0000 - 0x752c7000 	C:\Windows\system32\CRYPTSP.dll
0x75040000 - 0x7507b000 	C:\Windows\system32\rsaenh.dll
0x6e0e0000 - 0x6e0f6000 	C:\Program Files\Java\jre1.8.0_111\bin\net.dll
0x75270000 - 0x752ac000 	C:\Windows\system32\mswsock.dll
0x75260000 - 0x75266000 	C:\Windows\System32\wship6.dll
0x6e0d0000 - 0x6e0df000 	C:\Program Files\Java\jre1.8.0_111\bin\nio.dll
0x74da0000 - 0x74da5000 	C:\Windows\System32\wshtcpip.dll
0x75130000 - 0x75174000 	C:\Windows\system32\DNSAPI.dll
0x73940000 - 0x7395c000 	C:\Windows\system32\IPHLPAPI.DLL
0x73930000 - 0x73937000 	C:\Windows\system32\WINNSI.DLL
0x6d890000 - 0x6d896000 	C:\Windows\system32\rasadhlp.dll
0x73800000 - 0x73838000 	C:\Windows\System32\fwpuclnt.dll
0x6e3b0000 - 0x6e3d0000 	C:\Program Files\Java\jre1.8.0_111\bin\sunec.dll
0x759f0000 - 0x75a07000 	C:\Windows\system32\USERENV.dll
0x73850000 - 0x7385d000 	C:\Windows\system32\dhcpcsvc6.DLL
0x736b0000 - 0x736c2000 	C:\Windows\system32\dhcpcsvc.DLL
0x72030000 - 0x72039000 	C:\Program Files\Java\jre1.8.0_111\bin\sunmscapi.dll
0x758b0000 - 0x759d1000 	C:\Windows\system32\CRYPT32.dll
0x75890000 - 0x7589c000 	C:\Windows\system32\MSASN1.dll
0x76810000 - 0x76893000 	C:\Windows\system32\CLBCatQ.DLL
0x73fa0000 - 0x740d1000 	C:\Windows\system32\WindowsCodecs.dll
0x75750000 - 0x7579c000 	C:\Windows\system32\apphelp.dll
0x6a4a0000 - 0x6a4d1000 	C:\Windows\system32\EhStorShell.dll
0x77640000 - 0x777dd000 	C:\Windows\system32\SETUPAPI.dll
0x75a30000 - 0x75a57000 	C:\Windows\system32\CFGMGR32.dll
0x75a10000 - 0x75a22000 	C:\Windows\system32\DEVOBJ.dll
0x743f0000 - 0x744e5000 	C:\Windows\system32\PROPSYS.dll
0x6a430000 - 0x6a49a000 	C:\Windows\System32\cscui.dll
0x6a4e0000 - 0x6a4e9000 	C:\Windows\System32\CSCDLL.dll
0x6a420000 - 0x6a42b000 	C:\Windows\system32\CSCAPI.dll
0x6a3b0000 - 0x6a420000 	C:\Windows\system32\ntshrui.dll
0x75690000 - 0x756a9000 	C:\Windows\system32\srvcli.dll
0x73a70000 - 0x73a7a000 	C:\Windows\system32\slc.dll
0x72ca0000 - 0x72cc1000 	C:\Program Files\Common Files\Microsoft Shared\Ink\rtscom.dll
0x74b70000 - 0x74bfc000 	C:\Windows\system32\ime\imekr8\imkrtip.dll
0x74b10000 - 0x74b6e000 	C:\Windows\system32\ime\shared\imetip.dll
0x74af0000 - 0x74b10000 	C:\Windows\system32\ime\imekr8\imkrapi.dll
0x74ac0000 - 0x74ae3000 	C:\Windows\system32\ime\shared\imjkapi.dll
0x73380000 - 0x7338f000 	C:\Program Files\Java\jre1.8.0_111\bin\prism_common.dll
0x1c030000 - 0x1c089000 	C:\Program Files\TruecutSecurity\TrojanAPI.DLL
0x72c70000 - 0x72c91000 	C:\Program Files\Java\jre1.8.0_111\bin\javafx_iio.dll
0x53cc0000 - 0x53d25000 	C:\Program Files\Java\jre1.8.0_111\bin\glib-lite.dll
0x53c30000 - 0x53cb1000 	C:\Program Files\Java\jre1.8.0_111\bin\gstreamer-lite.dll
0x72250000 - 0x722c2000 	C:\Windows\system32\DSOUND.dll
0x74550000 - 0x74575000 	C:\Windows\system32\POWRPROF.dll
0x6e430000 - 0x6e44e000 	C:\Program Files\Java\jre1.8.0_111\bin\jfxmedia.dll
0x75720000 - 0x7573b000 	C:\Windows\system32\SspiCli.dll
0x6df00000 - 0x6df27000 	C:\Program Files\Java\jre1.8.0_111\bin\fxplugins.dll
0x53180000 - 0x533b1000 	C:\Windows\System32\msmpeg2vdec.dll
0x6e170000 - 0x6e1ca000 	C:\Windows\System32\MFPlat.DLL
0x743c0000 - 0x743c7000 	C:\Windows\System32\AVRT.dll
0x53100000 - 0x5317a000 	C:\Windows\System32\EVR.dll
0x753c0000 - 0x753d7000 	C:\Windows\System32\bcrypt.dll
0x53b30000 - 0x53c21000 	C:\Windows\System32\msmpeg2adec.dll
0x74510000 - 0x74549000 	C:\Windows\System32\MMDevApi.dll
0x71fe0000 - 0x72016000 	C:\Windows\system32\AUDIOSES.DLL
0x77e80000 - 0x77ff7000 	C:\Windows\system32\quartz.dll

VM Arguments:
jvm_args: -Dfile.encoding=MS949 
java_command: mil.navy.monitoring.MainApp
java_class_path (initial): C:\Users\navy\Downloads\jsoup-1.10.1.jar;C:\Users\navy\Downloads\workspace\WebMonitoringTool\bin;C:\Users\navy\Downloads\eclipse-java-neon-1a-win32\eclipse\plugins\org.eclipse.fx.ide.css.jfx8_2.4.0.201605112122.jar
Launcher Type: SUN_STANDARD

Environment Variables:
PATH=C:/Program Files/Java/jre1.8.0_111/bin/client;C:/Program Files/Java/jre1.8.0_111/bin;C:/Program Files/Java/jre1.8.0_111/lib/i386;C:\ProgramData\Oracle\Java\javapath;C:\Program Files\Intel\iCLS Client\;C:\Windows\system32;C:\Windows;C:\Windows\System32\Wbem;C:\Windows\System32\WindowsPowerShell\v1.0\;C:\Program Files\Intel\OpenCL SDK\3.0\bin\x86;C:\Program Files\Intel\Intel(R) Management Engine Components\DAL;C:\Program Files\Intel\Intel(R) Management Engine Components\IPT;C:\Users\navy\Downloads\eclipse-java-neon-1a-win32\eclipse;
USERNAME=navy
OS=Windows_NT
PROCESSOR_IDENTIFIER=x86 Family 6 Model 60 Stepping 3, GenuineIntel



---------------  S Y S T E M  ---------------

OS: Windows 7 Build 7601 (6.1.7601.23392)

CPU:total 4 (2 cores per cpu, 2 threads per core) family 6 model 60 stepping 3, cmov, cx8, fxsr, mmx, sse, sse2, sse3, ssse3, sse4.1, sse4.2, popcnt, avx, avx2, aes, clmul, erms, lzcnt, ht, tsc, tscinvbit, bmi1, bmi2

Memory: 4k page, physical 3537412k(134036k free), swap 7073108k(887216k free)

vm_info: Java HotSpot(TM) Client VM (25.111-b14) for windows-x86 JRE (1.8.0_111-b14), built on Sep 22 2016 18:54:33 by "java_re" with MS VC++ 10.0 (VS2010)

time: Sat Dec 03 21:14:34 2016
elapsed time: 2876 seconds (0d 0h 47m 56s)

