#
# A fatal error has been detected by the Java Runtime Environment:
#
#  EXCEPTION_ACCESS_VIOLATION (0xc0000005) at pc=0x6de66b73, pid=195004, tid=0x0001d7a8
#
# JRE version: Java(TM) SE Runtime Environment (8.0_111-b14) (build 1.8.0_111-b14)
# Java VM: Java HotSpot(TM) Client VM (25.111-b14 mixed mode, sharing windows-x86 )
# Problematic frame:
# C  [jfxwebkit.dll+0xa86b73]
#
# Failed to write core dump. Minidumps are not enabled by default on client versions of Windows
#
# If you would like to submit a bug report, please visit:
#   http://bugreport.java.com/bugreport/crash.jsp
# The crash happened outside the Java Virtual Machine in native code.
# See problematic frame for where to report the bug.
#

---------------  T H R E A D  ---------------

Current thread (0x14ef6800):  JavaThread "JavaFX Application Thread" [_thread_in_native, id=120744, stack(0x154d0000,0x15520000)]

siginfo: ExceptionCode=0xc0000005, writing address 0xbbadbeef

Registers:
EAX=0x00000000, EBX=0x5f534e60, ECX=0x77a250d2, EDX=0x15520000
ESP=0x1551dfec, EBP=0x001385d6, ESI=0x00000000, EDI=0x001385d6
EIP=0x6de66b73, EFLAGS=0x00010202

Top of Stack: (sp=0x1551dfec)
0x1551dfec:   5f534e60 1551e058 1551e000 54ee4894
0x1551dffc:   00000020 1551e03c 54ee48ca 6f385e98
0x1551e00c:   1551e050 002b27d4 1551e038 54f3f57e
0x1551e01c:   002b27d4 6f385e98 002b27d4 7632c5c0
0x1551e02c:   ffffffff 6f385e98 002b27d4 1551e044
0x1551e03c:   54eded29 00000006 1551e06c 54edf747
0x1551e04c:   00000008 00000000 001385d6 54ee1782
0x1551e05c:   54f2dace 001385d6 5f534e60 001385d6 

Instructions: (pc=0x6de66b73)
0x6de66b53:   04 51 6a 21 6a 00 ff d0 0f b7 c0 eb 02 33 c0 83
0x6de66b63:   c0 fe 50 8d 44 24 0c 50 e8 50 05 00 00 83 c4 08
0x6de66b73:   c7 05 ef be ad bb 00 00 00 00 33 c0 ff d0 8b 8c
0x6de66b83:   24 84 00 00 00 33 cc e8 f7 81 2d 00 81 c4 88 00 


Register to memory mapping:

EAX=0x00000000 is an unknown value
EBX=0x5f534e60 is an unknown value
ECX=0x77a250d2 is an unknown value
EDX=0x15520000 is pointing into the stack for thread: 0x14ef6800
ESP=0x1551dfec is pointing into the stack for thread: 0x14ef6800
EBP=0x001385d6 is an unknown value
ESI=0x00000000 is an unknown value
EDI=0x001385d6 is an unknown value


Stack: [0x154d0000,0x15520000],  sp=0x1551dfec,  free space=311k
Native frames: (J=compiled Java code, j=interpreted, Vv=VM code, C=native code)
C  [jfxwebkit.dll+0xa86b73]

Java frames: (J=compiled Java code, j=interpreted, Vv=VM code)
J 3355  com.sun.webkit.network.URLLoader.twkDidFinishLoading(J)V (0 bytes) @ 0x01e329e7 [0x01e329a0+0x47]
J 3354 C1 com.sun.webkit.network.URLLoader.notifyDidFinishLoading()V (48 bytes) @ 0x01e321d0 [0x01e31e70+0x360]
J 3152 C1 com.sun.webkit.network.URLLoader$$Lambda$107.run()V (8 bytes) @ 0x01dd7780 [0x01dd7750+0x30]
J 2030 C1 com.sun.javafx.application.PlatformImpl$$Lambda$50.run()Ljava/lang/Object; (8 bytes) @ 0x01c085b8 [0x01c08590+0x28]
v  ~StubRoutines::call_stub
J 1569  java.security.AccessController.doPrivileged(Ljava/security/PrivilegedAction;Ljava/security/AccessControlContext;)Ljava/lang/Object; (0 bytes) @ 0x01b53f07 [0x01b53ea0+0x67]
J 2027 C1 com.sun.javafx.application.PlatformImpl.lambda$runLater$174(Ljava/lang/Runnable;Ljava/security/AccessControlContext;)V (38 bytes) @ 0x01c07e10 [0x01c07db0+0x60]
J 2026 C1 com.sun.javafx.application.PlatformImpl$$Lambda$48.run()V (12 bytes) @ 0x01c07bac [0x01c07b80+0x2c]
J 2005 C1 com.sun.glass.ui.InvokeLaterDispatcher$Future.run()V (91 bytes) @ 0x01bfdef0 [0x01bfdec0+0x30]
v  ~StubRoutines::call_stub
j  com.sun.glass.ui.win.WinApplication._runLoop(Ljava/lang/Runnable;)V+0
j  com.sun.glass.ui.win.WinApplication.lambda$null$148(ILjava/lang/Runnable;)V+8
j  com.sun.glass.ui.win.WinApplication$$Lambda$38.run()V+12
j  java.lang.Thread.run()V+11
v  ~StubRoutines::call_stub

---------------  P R O C E S S  ---------------

Java Threads: ( => current thread )
  0x1b88c400 JavaThread "Thread-200774" daemon [_thread_in_native, id=658076, stack(0x30f40000,0x30f90000)]
  0x1b88c000 JavaThread "Thread-200739" daemon [_thread_blocked, id=655616, stack(0x2cca0000,0x2ccf0000)]
  0x1b88b800 JavaThread "Thread-200703" daemon [_thread_blocked, id=662208, stack(0x237d0000,0x23820000)]
  0x1b738800 JavaThread "Thread-200702" daemon [_thread_blocked, id=663464, stack(0x30870000,0x308c0000)]
  0x1b738400 JavaThread "Thread-200701" daemon [_thread_blocked, id=663800, stack(0x2d990000,0x2d9e0000)]
  0x1b9bf000 JavaThread "Thread-200631" daemon [_thread_blocked, id=662772, stack(0x333c0000,0x33410000)]
  0x1b8f9800 JavaThread "Thread-200630" daemon [_thread_blocked, id=664896, stack(0x39470000,0x394c0000)]
  0x1b9bec00 JavaThread "JFXMedia Player EventQueueThread" daemon [_thread_blocked, id=662988, stack(0x31780000,0x317d0000)]
  0x1b849000 JavaThread "Keep-Alive-SocketCleaner" daemon [_thread_blocked, id=656288, stack(0x30ed0000,0x30f20000)]
  0x1b8f9000 JavaThread "Timer-60" [_thread_blocked, id=625148, stack(0x38210000,0x38260000)]
  0x1b8fa800 JavaThread "Timer-59" [_thread_blocked, id=629572, stack(0x31ad0000,0x31b20000)]
  0x1b8fa000 JavaThread "Timer-58" [_thread_blocked, id=625208, stack(0x41010000,0x41060000)]
  0x1b8f0800 JavaThread "Timer-57" [_thread_blocked, id=632248, stack(0x38260000,0x382b0000)]
  0x1b8f0000 JavaThread "Timer-56" [_thread_blocked, id=624808, stack(0x32ed0000,0x32f20000)]
  0x1b8fc800 JavaThread "Timer-55" [_thread_blocked, id=621192, stack(0x33050000,0x330a0000)]
  0x1b8fc000 JavaThread "Timer-54" [_thread_blocked, id=621936, stack(0x33570000,0x335c0000)]
  0x1b8f4800 JavaThread "Timer-53" [_thread_blocked, id=624012, stack(0x2d640000,0x2d690000)]
  0x1b8f4000 JavaThread "Timer-52" [_thread_blocked, id=634536, stack(0x31a60000,0x31ab0000)]
  0x1b8f3800 JavaThread "Timer-51" [_thread_blocked, id=641908, stack(0x2fc00000,0x2fc50000)]
  0x1b8f3000 JavaThread "Timer-50" [_thread_blocked, id=628820, stack(0x307f0000,0x30840000)]
  0x1b8f8800 JavaThread "Timer-49" [_thread_blocked, id=629100, stack(0x2fae0000,0x2fb30000)]
  0x1b8f8000 JavaThread "Timer-48" [_thread_blocked, id=630832, stack(0x306a0000,0x306f0000)]
  0x1b8fb800 JavaThread "Timer-47" [_thread_blocked, id=631928, stack(0x30fb0000,0x31000000)]
  0x1b8fb000 JavaThread "Timer-46" [_thread_blocked, id=635624, stack(0x2b200000,0x2b250000)]
  0x14e33800 JavaThread "Timer-45" [_thread_blocked, id=627208, stack(0x30a30000,0x30a80000)]
  0x14e33400 JavaThread "Timer-44" [_thread_blocked, id=625256, stack(0x309e0000,0x30a30000)]
  0x14e32c00 JavaThread "Timer-43" [_thread_blocked, id=625560, stack(0x2bcd0000,0x2bd20000)]
  0x14e32400 JavaThread "Timer-42" [_thread_blocked, id=634732, stack(0x2b1a0000,0x2b1f0000)]
  0x14e32000 JavaThread "Timer-41" [_thread_blocked, id=635124, stack(0x2bc80000,0x2bcd0000)]
  0x172e0000 JavaThread "Timer-40" [_thread_blocked, id=319372, stack(0x38cf0000,0x38d40000)]
  0x172dfc00 JavaThread "Timer-39" [_thread_blocked, id=194744, stack(0x38bf0000,0x38c40000)]
  0x172df400 JavaThread "Timer-38" [_thread_blocked, id=281880, stack(0x38ac0000,0x38b10000)]
  0x172dec00 JavaThread "Timer-37" [_thread_blocked, id=92928, stack(0x36c20000,0x36c70000)]
  0x172de800 JavaThread "Timer-36" [_thread_blocked, id=468120, stack(0x38c40000,0x38c90000)]
  0x1b5b1400 JavaThread "Timer-35" [_thread_blocked, id=5996, stack(0x38b80000,0x38bd0000)]
  0x1b5b0c00 JavaThread "Timer-34" [_thread_blocked, id=149124, stack(0x36940000,0x36990000)]
  0x1b5b0800 JavaThread "Timer-33" [_thread_blocked, id=367568, stack(0x367c0000,0x36810000)]
  0x1b5b0000 JavaThread "Timer-32" [_thread_blocked, id=202440, stack(0x36760000,0x367b0000)]
  0x1b5afc00 JavaThread "Timer-31" [_thread_blocked, id=386724, stack(0x36630000,0x36680000)]
  0x172c3400 JavaThread "Timer-30" [_thread_blocked, id=272636, stack(0x368b0000,0x36900000)]
  0x172c2c00 JavaThread "Timer-29" [_thread_blocked, id=472236, stack(0x36850000,0x368a0000)]
  0x172c2800 JavaThread "Timer-28" [_thread_blocked, id=246720, stack(0x2d090000,0x2d0e0000)]
  0x172c2000 JavaThread "Timer-27" [_thread_blocked, id=175264, stack(0x2b450000,0x2b4a0000)]
  0x172c1800 JavaThread "Timer-26" [_thread_blocked, id=345908, stack(0x365d0000,0x36620000)]
  0x1b84cc00 JavaThread "Timer-25" [_thread_blocked, id=198776, stack(0x36690000,0x366e0000)]
  0x1b84c400 JavaThread "Timer-24" [_thread_blocked, id=381124, stack(0x36700000,0x36750000)]
  0x1b84bc00 JavaThread "Timer-23" [_thread_blocked, id=223800, stack(0x31c20000,0x31c70000)]
  0x1b84b800 JavaThread "Timer-22" [_thread_blocked, id=424632, stack(0x24630000,0x24680000)]
  0x1b84b000 JavaThread "Timer-21" [_thread_blocked, id=271212, stack(0x31bc0000,0x31c10000)]
  0x1723d800 JavaThread "Media Resource Disposer" daemon [_thread_blocked, id=101632, stack(0x2d0e0000,0x2d130000)]
  0x1b6c2800 JavaThread "Thread-67" daemon [_thread_in_native, id=93380, stack(0x21d40000,0x21d90000)]
  0x1723d000 JavaThread "URL-Loader-20" daemon [_thread_in_native, id=334236, stack(0x1ac20000,0x1ac70000)]
  0x1719a400 JavaThread "URL-Loader-19" daemon [_thread_blocked, id=289332, stack(0x1b270000,0x1b2c0000)]
  0x17199c00 JavaThread "URL-Loader-18" daemon [_thread_in_native, id=289204, stack(0x1b1d0000,0x1b220000)]
  0x17199800 JavaThread "URL-Loader-17" daemon [_thread_in_native, id=357932, stack(0x1aeb0000,0x1af00000)]
  0x17199000 JavaThread "URL-Loader-16" daemon [_thread_blocked, id=31048, stack(0x1af20000,0x1af70000)]
  0x17198c00 JavaThread "URL-Loader-15" daemon [_thread_blocked, id=141588, stack(0x1ae60000,0x1aeb0000)]
  0x17198400 JavaThread "URL-Loader-14" daemon [_thread_in_native, id=485820, stack(0x1ab80000,0x1abd0000)]
  0x17197c00 JavaThread "URL-Loader-13" daemon [_thread_blocked, id=460076, stack(0x1adc0000,0x1ae10000)]
  0x17197800 JavaThread "URL-Loader-12" daemon [_thread_in_native, id=365160, stack(0x1ace0000,0x1ad30000)]
  0x17197000 JavaThread "URL-Loader-11" daemon [_thread_in_native, id=277696, stack(0x1a8d0000,0x1a920000)]
  0x17196c00 JavaThread "Watchdog-Timer-1" daemon [_thread_blocked, id=96744, stack(0x1a960000,0x1a9b0000)]
  0x17196400 JavaThread "Timer-20" [_thread_blocked, id=91184, stack(0x1a9f0000,0x1aa40000)]
  0x17196000 JavaThread "Prism Font Disposer" daemon [_thread_blocked, id=278712, stack(0x1a050000,0x1a0a0000)]
  0x17195800 JavaThread "Timer-19" [_thread_blocked, id=341024, stack(0x18ab0000,0x18b00000)]
  0x17195000 JavaThread "Timer-18" [_thread_blocked, id=273788, stack(0x186d0000,0x18720000)]
  0x17194c00 JavaThread "URL-Loader-10" daemon [_thread_in_native, id=283548, stack(0x18a10000,0x18a60000)]
  0x17194400 JavaThread "Timer-17" [_thread_blocked, id=311292, stack(0x188c0000,0x18910000)]
  0x17194000 JavaThread "Timer-16" [_thread_blocked, id=25788, stack(0x18870000,0x188c0000)]
  0x17193800 JavaThread "URL-Loader-9" daemon [_thread_in_native, id=353836, stack(0x187e0000,0x18830000)]
  0x17193400 JavaThread "Timer-15" [_thread_blocked, id=298196, stack(0x18580000,0x185d0000)]
  0x17192c00 JavaThread "Timer-14" [_thread_blocked, id=14844, stack(0x185f0000,0x18640000)]
  0x17105800 JavaThread "URL-Loader-8" daemon [_thread_blocked, id=406096, stack(0x147b0000,0x14800000)]
  0x17105400 JavaThread "Timer-13" [_thread_blocked, id=428452, stack(0x18720000,0x18770000)]
  0x17104c00 JavaThread "Timer-12" [_thread_blocked, id=365216, stack(0x18650000,0x186a0000)]
  0x17104400 JavaThread "URL-Loader-7" daemon [_thread_blocked, id=464624, stack(0x183f0000,0x18440000)]
  0x17104000 JavaThread "Timer-11" [_thread_blocked, id=326288, stack(0x182c0000,0x18310000)]
  0x17103800 JavaThread "Timer-10" [_thread_blocked, id=46132, stack(0x18530000,0x18580000)]
  0x17103400 JavaThread "URL-Loader-6" daemon [_thread_in_native, id=23504, stack(0x18320000,0x18370000)]
  0x17102c00 JavaThread "Timer-9" [_thread_blocked, id=210752, stack(0x18480000,0x184d0000)]
  0x17102800 JavaThread "Timer-8" [_thread_blocked, id=666252, stack(0x153b0000,0x15400000)]
  0x17102000 JavaThread "URL-Loader-5" daemon [_thread_in_native, id=221192, stack(0x17e40000,0x17e90000)]
  0x17101800 JavaThread "Timer-7" [_thread_blocked, id=323796, stack(0x18380000,0x183d0000)]
  0x17101400 JavaThread "Timer-6" [_thread_blocked, id=426480, stack(0x181a0000,0x181f0000)]
  0x17100c00 JavaThread "URL-Loader-4" daemon [_thread_in_native, id=213452, stack(0x18220000,0x18270000)]
  0x17100800 JavaThread "Timer-5" [_thread_blocked, id=472324, stack(0x18070000,0x180c0000)]
  0x17100000 JavaThread "Timer-4" [_thread_blocked, id=190588, stack(0x180f0000,0x18140000)]
  0x170ffc00 JavaThread "URL-Loader-3" daemon [_thread_in_native, id=35124, stack(0x18010000,0x18060000)]
  0x170ff400 JavaThread "Keep-Alive-Timer" daemon [_thread_blocked, id=14276, stack(0x17f60000,0x17fb0000)]
  0x170ff000 JavaThread "Timer-3" [_thread_blocked, id=110892, stack(0x17c70000,0x17cc0000)]
  0x170fe800 JavaThread "Timer-2" [_thread_blocked, id=124320, stack(0x17b70000,0x17bc0000)]
  0x170fe000 JavaThread "URL-Loader-2" daemon [_thread_blocked, id=135904, stack(0x17b20000,0x17b70000)]
  0x170dd000 JavaThread "Timer-1" [_thread_blocked, id=23424, stack(0x17c00000,0x17c50000)]
  0x17068c00 JavaThread "Timer-0" [_thread_blocked, id=46296, stack(0x17cf0000,0x17d40000)]
  0x170b7000 JavaThread "URL-Loader-1" daemon [_thread_blocked, id=28696, stack(0x17ad0000,0x17b20000)]
  0x170af400 JavaThread "Disposer" daemon [_thread_blocked, id=195564, stack(0x175b0000,0x17600000)]
  0x14f1c000 JavaThread "Thread-3" daemon [_thread_in_native, id=362900, stack(0x14740000,0x14790000)]
  0x14f47c00 JavaThread "JavaFX-Launcher" [_thread_blocked, id=448120, stack(0x15530000,0x15580000)]
=>0x14ef6800 JavaThread "JavaFX Application Thread" [_thread_in_native, id=120744, stack(0x154d0000,0x15520000)]
  0x14ef6400 JavaThread "Thread-1" daemon [_thread_blocked, id=117228, stack(0x15580000,0x155d0000)]
  0x14ec7800 JavaThread "QuantumRenderer-0" daemon [_thread_blocked, id=300436, stack(0x14610000,0x14660000)]
  0x0111e400 JavaThread "Service Thread" daemon [_thread_blocked, id=481556, stack(0x03910000,0x03960000)]
  0x0111b800 JavaThread "C1 CompilerThread0" daemon [_thread_blocked, id=144848, stack(0x13b60000,0x13bb0000)]
  0x0111a800 JavaThread "Attach Listener" daemon [_thread_blocked, id=33380, stack(0x038b0000,0x03900000)]
  0x01102c00 JavaThread "Signal Dispatcher" daemon [_thread_blocked, id=99692, stack(0x13a20000,0x13a70000)]
  0x01101000 JavaThread "Finalizer" daemon [_thread_blocked, id=11936, stack(0x03990000,0x039e0000)]
  0x010a3c00 JavaThread "Reference Handler" daemon [_thread_blocked, id=183032, stack(0x01350000,0x013a0000)]
  0x0134bc00 JavaThread "main" [_thread_blocked, id=273640, stack(0x016e0000,0x01730000)]

Other Threads:
  0x0109f800 VMThread [stack: 0x017c0000,0x01810000] [id=361576]
  0x14d88800 WatcherThread [stack: 0x13ad0000,0x13b20000] [id=193388]

VM state:not at safepoint (normal execution)

VM Mutex/Monitor currently owned by a thread: None

Heap:
 def new generation   total 78656K, used 57903K [0x03a00000, 0x08f50000, 0x08f50000)
  eden space 69952K,  70% used [0x03a00000, 0x06a30f88, 0x07e50000)
  from space 8704K,  98% used [0x086d0000, 0x08f2ae08, 0x08f50000)
  to   space 8704K,   0% used [0x07e50000, 0x07e50000, 0x086d0000)
 tenured generation   total 174784K, used 161476K [0x08f50000, 0x13a00000, 0x13a00000)
   the space 174784K,  92% used [0x08f50000, 0x12d013a8, 0x12d01400, 0x13a00000)
 Metaspace       used 13168K, capacity 14215K, committed 14336K, reserved 14720K

Card table byte_map: [0x012b0000,0x01340000] byte_map_base: 0x01293000

Polling page: 0x00240000

CodeCache: size=32768Kb used=5595Kb max_used=6553Kb free=27172Kb
 bounds [0x01870000, 0x01ef8000, 0x03870000]
 total_blobs=3387 nmethods=2915 adapters=401
 compilation: enabled

Compilation events (10 events):
Event: 774.891 Thread 0x0111b800 29020             com.sun.javafx.webkit.theme.ScrollBarThemeImpl$ScrollBarRef::<init> (17 bytes)
Event: 774.891 Thread 0x0111b800 nmethod 29020 0x01a50d48 code [0x01a50e40, 0x01a50f70]
Event: 774.990 Thread 0x0111b800 29021             com.sun.javafx.geom.transform.Affine2D::reset3Delements (1 bytes)
Event: 774.991 Thread 0x0111b800 nmethod 29021 0x01d9de48 code [0x01d9df40, 0x01d9dfc0]
Event: 775.016 Thread 0x0111b800 29022             javafx.scene.paint.LinearGradient::equals (119 bytes)
Event: 775.016 Thread 0x0111b800 nmethod 29022 0x01ab3b48 code [0x01ab3c60, 0x01ab3e4c]
Event: 775.016 Thread 0x0111b800 29023             java.util.Collections$UnmodifiableList::equals (24 bytes)
Event: 775.016 Thread 0x0111b800 nmethod 29023 0x01bfd988 code [0x01bfda90, 0x01bfdb4c]
Event: 775.219 Thread 0x0111b800 29024             java.nio.channels.spi.AbstractInterruptibleChannel::end (50 bytes)
Event: 775.220 Thread 0x0111b800 nmethod 29024 0x01966d88 code [0x01966eb0, 0x019671e8]

GC Heap History (10 events):
Event: 771.370 GC heap before
{Heap before GC invocations=857 (full 200):
 def new generation   total 78656K, used 76946K [0x03a00000, 0x08f50000, 0x08f50000)
  eden space 69952K,  98% used [0x03a00000, 0x07d18ac0, 0x07e50000)
  from space 8704K,  94% used [0x086d0000, 0x08edbee8, 0x08f50000)
  to   space 8704K,   0% used [0x07e50000, 0x07e50000, 0x086d0000)
 tenured generation   total 174784K, used 167322K [0x08f50000, 0x13a00000, 0x13a00000)
   the space 174784K,  95% used [0x08f50000, 0x132b6b70, 0x132b6c00, 0x13a00000)
 Metaspace       used 13168K, capacity 14215K, committed 14336K, reserved 14720K
Event: 771.370 GC heap after
Heap after GC invocations=858 (full 200):
 def new generation   total 78656K, used 76946K [0x03a00000, 0x08f50000, 0x08f50000)
  eden space 69952K,  98% used [0x03a00000, 0x07d18ac0, 0x07e50000)
  from space 8704K,  94% used [0x086d0000, 0x08edbee8, 0x08f50000)
  to   space 8704K,   0% used [0x07e50000, 0x07e50000, 0x086d0000)
 tenured generation   total 174784K, used 167322K [0x08f50000, 0x13a00000, 0x13a00000)
   the space 174784K,  95% used [0x08f50000, 0x132b6b70, 0x132b6c00, 0x13a00000)
 Metaspace       used 13168K, capacity 14215K, committed 14336K, reserved 14720K
}
Event: 771.370 GC heap before
{Heap before GC invocations=858 (full 200):
 def new generation   total 78656K, used 76946K [0x03a00000, 0x08f50000, 0x08f50000)
  eden space 69952K,  98% used [0x03a00000, 0x07d18ac0, 0x07e50000)
  from space 8704K,  94% used [0x086d0000, 0x08edbee8, 0x08f50000)
  to   space 8704K,   0% used [0x07e50000, 0x07e50000, 0x086d0000)
 tenured generation   total 174784K, used 167322K [0x08f50000, 0x13a00000, 0x13a00000)
   the space 174784K,  95% used [0x08f50000, 0x132b6b70, 0x132b6c00, 0x13a00000)
 Metaspace       used 13168K, capacity 14215K, committed 14336K, reserved 14720K
Event: 771.483 GC heap after
Heap after GC invocations=859 (full 201):
 def new generation   total 78656K, used 0K [0x03a00000, 0x08f50000, 0x08f50000)
  eden space 69952K,   0% used [0x03a00000, 0x03a00000, 0x07e50000)
  from space 8704K,   0% used [0x086d0000, 0x086d0000, 0x08f50000)
  to   space 8704K,   0% used [0x07e50000, 0x07e50000, 0x086d0000)
 tenured generation   total 174784K, used 158098K [0x08f50000, 0x13a00000, 0x13a00000)
   the space 174784K,  90% used [0x08f50000, 0x129b49d8, 0x129b4a00, 0x13a00000)
 Metaspace       used 13168K, capacity 14215K, committed 14336K, reserved 14720K
}
Event: 772.060 GC heap before
{Heap before GC invocations=859 (full 201):
 def new generation   total 78656K, used 66568K [0x03a00000, 0x08f50000, 0x08f50000)
  eden space 69952K,  95% used [0x03a00000, 0x07b02090, 0x07e50000)
  from space 8704K,   0% used [0x086d0000, 0x086d0000, 0x08f50000)
  to   space 8704K,   0% used [0x07e50000, 0x07e50000, 0x086d0000)
 tenured generation   total 174784K, used 158098K [0x08f50000, 0x13a00000, 0x13a00000)
   the space 174784K,  90% used [0x08f50000, 0x129b49d8, 0x129b4a00, 0x13a00000)
 Metaspace       used 13168K, capacity 14215K, committed 14336K, reserved 14720K
Event: 772.071 GC heap after
Heap after GC invocations=860 (full 201):
 def new generation   total 78656K, used 8704K [0x03a00000, 0x08f50000, 0x08f50000)
  eden space 69952K,   0% used [0x03a00000, 0x03a00000, 0x07e50000)
  from space 8704K, 100% used [0x07e50000, 0x086d0000, 0x086d0000)
  to   space 8704K,   0% used [0x086d0000, 0x086d0000, 0x08f50000)
 tenured generation   total 174784K, used 164150K [0x08f50000, 0x13a00000, 0x13a00000)
   the space 174784K,  93% used [0x08f50000, 0x12f9daf8, 0x12f9dc00, 0x13a00000)
 Metaspace       used 13168K, capacity 14215K, committed 14336K, reserved 14720K
}
Event: 772.962 GC heap before
{Heap before GC invocations=860 (full 201):
 def new generation   total 78656K, used 78656K [0x03a00000, 0x08f50000, 0x08f50000)
  eden space 69952K, 100% used [0x03a00000, 0x07e50000, 0x07e50000)
  from space 8704K, 100% used [0x07e50000, 0x086d0000, 0x086d0000)
  to   space 8704K,   0% used [0x086d0000, 0x086d0000, 0x08f50000)
 tenured generation   total 174784K, used 164150K [0x08f50000, 0x13a00000, 0x13a00000)
   the space 174784K,  93% used [0x08f50000, 0x12f9daf8, 0x12f9dc00, 0x13a00000)
 Metaspace       used 13168K, capacity 14215K, committed 14336K, reserved 14720K
Event: 773.066 GC heap after
Heap after GC invocations=861 (full 202):
 def new generation   total 78656K, used 0K [0x03a00000, 0x08f50000, 0x08f50000)
  eden space 69952K,   0% used [0x03a00000, 0x03a00000, 0x07e50000)
  from space 8704K,   0% used [0x07e50000, 0x07e50000, 0x086d0000)
  to   space 8704K,   0% used [0x086d0000, 0x086d0000, 0x08f50000)
 tenured generation   total 174784K, used 161476K [0x08f50000, 0x13a00000, 0x13a00000)
   the space 174784K,  92% used [0x08f50000, 0x12d013a8, 0x12d01400, 0x13a00000)
 Metaspace       used 13168K, capacity 14215K, committed 14336K, reserved 14720K
}
Event: 774.510 GC heap before
{Heap before GC invocations=861 (full 202):
 def new generation   total 78656K, used 67547K [0x03a00000, 0x08f50000, 0x08f50000)
  eden space 69952K,  96% used [0x03a00000, 0x07bf6e38, 0x07e50000)
  from space 8704K,   0% used [0x07e50000, 0x07e50000, 0x086d0000)
  to   space 8704K,   0% used [0x086d0000, 0x086d0000, 0x08f50000)
 tenured generation   total 174784K, used 161476K [0x08f50000, 0x13a00000, 0x13a00000)
   the space 174784K,  92% used [0x08f50000, 0x12d013a8, 0x12d01400, 0x13a00000)
 Metaspace       used 13168K, capacity 14215K, committed 14336K, reserved 14720K
Event: 774.517 GC heap after
Heap after GC invocations=862 (full 202):
 def new generation   total 78656K, used 8555K [0x03a00000, 0x08f50000, 0x08f50000)
  eden space 69952K,   0% used [0x03a00000, 0x03a00000, 0x07e50000)
  from space 8704K,  98% used [0x086d0000, 0x08f2ae08, 0x08f50000)
  to   space 8704K,   0% used [0x07e50000, 0x07e50000, 0x086d0000)
 tenured generation   total 174784K, used 161476K [0x08f50000, 0x13a00000, 0x13a00000)
   the space 174784K,  92% used [0x08f50000, 0x12d013a8, 0x12d01400, 0x13a00000)
 Metaspace       used 13168K, capacity 14215K, committed 14336K, reserved 14720K
}

Deoptimization events (0 events):
No events

Internal exceptions (10 events):
Event: 774.785 Thread 0x14ef6800 Exception <a 'java/io/IOException': Improper call to JPEG library in state 200> (0x0592e388) thrown at [C:\re\workspace\8-2-build-windows-i586-cygwin\jdk8u111\7883\hotspot\src\share\vm\prims\jni.cpp, line 735]
Event: 774.785 Thread 0x14ef6800 Exception <a 'java/io/IOException': Improper call to JPEG library in state 200> (0x05931aa0) thrown at [C:\re\workspace\8-2-build-windows-i586-cygwin\jdk8u111\7883\hotspot\src\share\vm\prims\jni.cpp, line 735]
Event: 774.785 Thread 0x14ef6800 Exception <a 'java/io/IOException': Improper call to JPEG library in state 200> (0x05b77a18) thrown at [C:\re\workspace\8-2-build-windows-i586-cygwin\jdk8u111\7883\hotspot\src\share\vm\prims\jni.cpp, line 735]
Event: 774.817 Thread 0x1b738800 Implicit null exception at 0x01a5d13c to 0x01a5d157
Event: 774.817 Thread 0x1b738800 Exception <a 'java/lang/NullPointerException'> (0x05caa610) thrown at [C:\re\workspace\8-2-build-windows-i586-cygwin\jdk8u111\7883\hotspot\src\share\vm\runtime\sharedRuntime.cpp, line 605]
Event: 774.886 Thread 0x14ef6800 Exception <a 'java/lang/OutOfMemoryError'> (0x05fe3830) thrown at [C:\re\workspace\8-2-build-windows-i586-cygwin\jdk8u111\7883\hotspot\src\share\vm\prims\jni.cpp, line 735]
Event: 774.890 Thread 0x1b88b800 Implicit null exception at 0x01a5d13c to 0x01a5d157
Event: 774.890 Thread 0x1b88b800 Exception <a 'java/lang/NullPointerException'> (0x06427fd0) thrown at [C:\re\workspace\8-2-build-windows-i586-cygwin\jdk8u111\7883\hotspot\src\share\vm\runtime\sharedRuntime.cpp, line 605]
Event: 775.012 Thread 0x1b88c000 Implicit null exception at 0x01a5d13c to 0x01a5d157
Event: 775.012 Thread 0x1b88c000 Exception <a 'java/lang/NullPointerException'> (0x06766e70) thrown at [C:\re\workspace\8-2-build-windows-i586-cygwin\jdk8u111\7883\hotspot\src\share\vm\runtime\sharedRuntime.cpp, line 605]

Events (10 events):
Event: 775.227 Thread 0x1b88c400 Thread exited: 0x1b88c400
Event: 775.227 Thread 0x1b88c400 Thread added: 0x1b88c400
Event: 775.227 Thread 0x1b88c400 Thread exited: 0x1b88c400
Event: 775.227 Thread 0x1b88c400 Thread added: 0x1b88c400
Event: 775.227 Thread 0x1b88c400 Thread exited: 0x1b88c400
Event: 775.227 Thread 0x1b88c400 Thread added: 0x1b88c400
Event: 775.227 Thread 0x1b88c400 Thread exited: 0x1b88c400
Event: 775.227 Thread 0x1b88c400 Thread added: 0x1b88c400
Event: 775.227 Thread 0x1b88c400 Thread exited: 0x1b88c400
Event: 775.227 Thread 0x1b88c400 Thread added: 0x1b88c400


Dynamic libraries:
0x011f0000 - 0x01223000 	C:\Program Files\Java\jre1.8.0_111\bin\javaw.exe
0x77a00000 - 0x77b42000 	C:\Windows\SYSTEM32\ntdll.dll
0x762e0000 - 0x763b5000 	C:\Windows\system32\kernel32.dll
0x75aa0000 - 0x75aeb000 	C:\Windows\system32\KERNELBASE.dll
0x76490000 - 0x76531000 	C:\Windows\system32\ADVAPI32.dll
0x77830000 - 0x778dc000 	C:\Windows\system32\msvcrt.dll
0x77660000 - 0x77679000 	C:\Windows\SYSTEM32\sechost.dll
0x763e0000 - 0x76482000 	C:\Windows\system32\RPCRT4.dll
0x77590000 - 0x77659000 	C:\Windows\system32\USER32.dll
0x77680000 - 0x776ce000 	C:\Windows\system32\GDI32.dll
0x762d0000 - 0x762da000 	C:\Windows\system32\LPK.dll
0x77b50000 - 0x77bed000 	C:\Windows\system32\USP10.dll
0x74550000 - 0x746ee000 	C:\Windows\WinSxS\x86_microsoft.windows.common-controls_6595b64144ccf1df_6.0.7601.18837_none_41e855142bd5705d\COMCTL32.dll
0x77bf0000 - 0x77c47000 	C:\Windows\system32\SHLWAPI.dll
0x763c0000 - 0x763df000 	C:\Windows\system32\IMM32.DLL
0x77930000 - 0x779fd000 	C:\Windows\system32\MSCTF.dll
0x758e0000 - 0x758fd000 	C:\CTMS\Module\DocMal\guard.dll
0x768a0000 - 0x768a5000 	C:\Windows\system32\PSAPI.DLL
0x62d80000 - 0x62e3f000 	C:\Program Files\Java\jre1.8.0_111\bin\msvcr100.dll
0x55690000 - 0x55a5d000 	C:\Program Files\Java\jre1.8.0_111\bin\client\jvm.dll
0x6fc20000 - 0x6fc27000 	C:\Windows\system32\WSOCK32.dll
0x778f0000 - 0x77925000 	C:\Windows\system32\WS2_32.dll
0x77580000 - 0x77586000 	C:\Windows\system32\NSI.dll
0x73eb0000 - 0x73ee2000 	C:\Windows\system32\WINMM.dll
0x74de0000 - 0x74de9000 	C:\Windows\system32\VERSION.dll
0x74530000 - 0x7453c000 	C:\Program Files\Java\jre1.8.0_111\bin\verify.dll
0x73b40000 - 0x73b61000 	C:\Program Files\Java\jre1.8.0_111\bin\java.dll
0x73a00000 - 0x73a13000 	C:\Program Files\Java\jre1.8.0_111\bin\zip.dll
0x76930000 - 0x7757c000 	C:\Windows\system32\SHELL32.dll
0x776d0000 - 0x7782d000 	C:\Windows\system32\ole32.dll
0x75970000 - 0x7597b000 	C:\Windows\system32\profapi.dll
0x54ed0000 - 0x54fbe000 	C:\Program Files\Java\jre1.8.0_111\bin\msvcr120.dll
0x62e80000 - 0x62ef1000 	C:\Program Files\Java\jre1.8.0_111\bin\msvcp120.dll
0x738f0000 - 0x7390e000 	C:\Program Files\Java\jre1.8.0_111\bin\prism_d3d.dll
0x67340000 - 0x67503000 	C:\Windows\system32\d3d9.dll
0x73a90000 - 0x73a96000 	C:\Windows\system32\d3d8thk.dll
0x741e0000 - 0x741f3000 	C:\Windows\system32\dwmapi.dll
0x744d0000 - 0x74510000 	C:\Windows\system32\uxtheme.dll
0x63990000 - 0x64118000 	C:\Windows\system32\igdumdim32.dll
0x6b9c0000 - 0x6bd07000 	C:\Windows\system32\igdusc32.dll
0x6f7b0000 - 0x6f7e3000 	C:\Program Files\Java\jre1.8.0_111\bin\glass.dll
0x76780000 - 0x767fb000 	C:\Windows\system32\COMDLG32.dll
0x76800000 - 0x76891000 	C:\Windows\system32\OLEAUT32.dll
0x75860000 - 0x7586c000 	C:\Windows\system32\CRYPTBASE.dll
0x6f790000 - 0x6f7a1000 	C:\Program Files\Java\jre1.8.0_111\bin\javafx_font.dll
0x54d70000 - 0x54ea6000 	C:\Windows\system32\dwrite.dll
0x6d3e0000 - 0x6f44b000 	C:\Program Files\Java\jre1.8.0_111\bin\jfxwebkit.dll
0x75380000 - 0x75397000 	C:\Windows\system32\CRYPTSP.dll
0x75110000 - 0x7514b000 	C:\Windows\system32\rsaenh.dll
0x739e0000 - 0x739f6000 	C:\Program Files\Java\jre1.8.0_111\bin\net.dll
0x75340000 - 0x7537c000 	C:\Windows\system32\mswsock.dll
0x75330000 - 0x75336000 	C:\Windows\System32\wship6.dll
0x73b30000 - 0x73b3f000 	C:\Program Files\Java\jre1.8.0_111\bin\nio.dll
0x74e80000 - 0x74e85000 	C:\Windows\System32\wshtcpip.dll
0x75200000 - 0x75244000 	C:\Windows\system32\DNSAPI.dll
0x732c0000 - 0x732dc000 	C:\Windows\system32\IPHLPAPI.DLL
0x732a0000 - 0x732a7000 	C:\Windows\system32\WINNSI.DLL
0x01820000 - 0x01826000 	C:\Windows\system32\rasadhlp.dll
0x731d0000 - 0x73208000 	C:\Windows\System32\fwpuclnt.dll
0x76540000 - 0x765c3000 	C:\Windows\system32\CLBCatQ.DLL
0x74070000 - 0x741a1000 	C:\Windows\system32\WindowsCodecs.dll
0x75810000 - 0x7585c000 	C:\Windows\system32\apphelp.dll
0x6c550000 - 0x6c581000 	C:\Windows\system32\EhStorShell.dll
0x75c90000 - 0x75e2d000 	C:\Windows\system32\SETUPAPI.dll
0x75980000 - 0x759a7000 	C:\Windows\system32\CFGMGR32.dll
0x75c50000 - 0x75c62000 	C:\Windows\system32\DEVOBJ.dll
0x74ae0000 - 0x74bd5000 	C:\Windows\system32\PROPSYS.dll
0x6b8e0000 - 0x6b94a000 	C:\Windows\System32\cscui.dll
0x14790000 - 0x14799000 	C:\Windows\System32\CSCDLL.dll
0x68fd0000 - 0x68fdb000 	C:\Windows\system32\CSCAPI.dll
0x6b870000 - 0x6b8e0000 	C:\Windows\system32\ntshrui.dll
0x75760000 - 0x75779000 	C:\Windows\system32\srvcli.dll
0x73aa0000 - 0x73aaa000 	C:\Windows\system32\slc.dll
0x6f520000 - 0x6f541000 	C:\Program Files\Common Files\Microsoft Shared\Ink\rtscom.dll
0x6a440000 - 0x6a4cc000 	C:\Windows\system32\ime\imekr8\imkrtip.dll
0x184d0000 - 0x1852e000 	C:\Windows\system32\ime\shared\imetip.dll
0x6f850000 - 0x6f870000 	C:\Windows\system32\ime\imekr8\imkrapi.dll
0x6f820000 - 0x6f843000 	C:\Windows\system32\ime\shared\imjkapi.dll
0x73980000 - 0x7398f000 	C:\Program Files\Java\jre1.8.0_111\bin\prism_common.dll
0x73880000 - 0x738a0000 	C:\Program Files\Java\jre1.8.0_111\bin\sunec.dll
0x6d270000 - 0x6d291000 	C:\Program Files\Java\jre1.8.0_111\bin\javafx_iio.dll
0x75c30000 - 0x75c47000 	C:\Windows\system32\USERENV.dll
0x73280000 - 0x7328d000 	C:\Windows\system32\dhcpcsvc6.DLL
0x73110000 - 0x73122000 	C:\Windows\system32\dhcpcsvc.DLL
0x73840000 - 0x73849000 	C:\Program Files\Java\jre1.8.0_111\bin\sunmscapi.dll
0x75b00000 - 0x75c21000 	C:\Windows\system32\CRYPT32.dll
0x75960000 - 0x7596c000 	C:\Windows\system32\MSASN1.dll
0x1ac70000 - 0x1acc9000 	C:\Program Files\TruecutSecurity\TrojanAPI.DLL
0x623f0000 - 0x62455000 	C:\Program Files\Java\jre1.8.0_111\bin\glib-lite.dll
0x55600000 - 0x55681000 	C:\Program Files\Java\jre1.8.0_111\bin\gstreamer-lite.dll
0x69750000 - 0x697c2000 	C:\Windows\system32\DSOUND.dll
0x74c20000 - 0x74c45000 	C:\Windows\system32\POWRPROF.dll
0x6d250000 - 0x6d26e000 	C:\Program Files\Java\jre1.8.0_111\bin\jfxmedia.dll
0x757f0000 - 0x7580b000 	C:\Windows\system32\SspiCli.dll
0x6c960000 - 0x6c987000 	C:\Program Files\Java\jre1.8.0_111\bin\fxplugins.dll
0x55a60000 - 0x55c91000 	C:\Windows\System32\msmpeg2vdec.dll
0x671a0000 - 0x671fa000 	C:\Windows\System32\MFPlat.DLL
0x749d0000 - 0x749d7000 	C:\Windows\System32\AVRT.dll
0x63040000 - 0x630ba000 	C:\Windows\System32\EVR.dll
0x75490000 - 0x754a7000 	C:\Windows\System32\bcrypt.dll
0x54790000 - 0x54881000 	C:\Windows\System32\msmpeg2adec.dll
0x74be0000 - 0x74c19000 	C:\Windows\System32\MMDevApi.dll
0x68bc0000 - 0x68bf6000 	C:\Windows\system32\AUDIOSES.DLL
0x54270000 - 0x543e7000 	C:\Windows\system32\quartz.dll
0x50420000 - 0x50767000 	C:\Windows\system32\d2d1.dll
0x2cd10000 - 0x2ce85000 	C:\Windows\system32\d3d11.dll
0x6fac0000 - 0x6fb0c000 	C:\Windows\system32\dxgi.dll
0x2ce90000 - 0x2d079000 	C:\Windows\system32\D3D10Warp.dll
0x75a50000 - 0x75a7f000 	C:\Windows\system32\WINTRUST.dll
0x697d0000 - 0x69828000 	C:\Program Files\Common Files\microsoft shared\ink\tiptsf.dll
0x6bd10000 - 0x6be80000 	C:\Windows\system32\explorerframe.dll
0x74240000 - 0x7426f000 	C:\Windows\system32\DUser.dll
0x74270000 - 0x74322000 	C:\Windows\system32\DUI70.dll
0x69830000 - 0x69861000 	C:\Windows\system32\msls31.dll
0x741b0000 - 0x741df000 	C:\Windows\system32\xmllite.dll
0x75870000 - 0x7587e000 	C:\Windows\system32\RpcRtRemote.dll
0x5e5d0000 - 0x5e62c000 	C:\Windows\System32\StructuredQuery.dll
0x757d0000 - 0x757d8000 	C:\Windows\System32\Secur32.dll
0x69b40000 - 0x69b8e000 	C:\Windows\system32\actxprxy.dll
0x619f0000 - 0x61a3a000 	C:\Program Files\Internet Explorer\ieproxy.dll
0x75c70000 - 0x75c74000 	C:\Windows\system32\api-ms-win-downlevel-shlwapi-l1-1-0.dll
0x6f950000 - 0x6f954000 	C:\Windows\system32\api-ms-win-downlevel-shlwapi-l2-1-0.dll
0x75c80000 - 0x75c85000 	C:\Windows\system32\api-ms-win-downlevel-advapi32-l1-1-0.dll
0x734e0000 - 0x734f2000 	C:\Windows\system32\MPR.dll
0x6f740000 - 0x6f748000 	C:\Windows\System32\drprov.dll
0x74fc0000 - 0x74fe9000 	C:\Windows\System32\WINSTA.dll
0x6c880000 - 0x6c894000 	C:\Windows\System32\ntlanman.dll
0x6c860000 - 0x6c878000 	C:\Windows\System32\davclnt.dll

VM Arguments:
jvm_args: -Dfile.encoding=MS949 
java_command: mil.navy.monitoring.MainApp
java_class_path (initial): C:\Users\navy\Downloads\workspace\WebMonitoringTool\bin;C:\Users\navy\Downloads\eclipse-java-neon-1a-win32\eclipse\plugins\org.eclipse.fx.ide.css.jfx8_2.4.0.201605112122.jar
Launcher Type: SUN_STANDARD

Environment Variables:
PATH=C:/Program Files/Java/jre1.8.0_111/bin/client;C:/Program Files/Java/jre1.8.0_111/bin;C:/Program Files/Java/jre1.8.0_111/lib/i386;C:\ProgramData\Oracle\Java\javapath;C:\Program Files\Intel\iCLS Client\;C:\Windows\system32;C:\Windows;C:\Windows\System32\Wbem;C:\Windows\System32\WindowsPowerShell\v1.0\;C:\Program Files\Intel\OpenCL SDK\3.0\bin\x86;C:\Program Files\Intel\Intel(R) Management Engine Components\DAL;C:\Program Files\Intel\Intel(R) Management Engine Components\IPT;C:\Users\navy\Downloads\eclipse-java-neon-1a-win32\eclipse;
USERNAME=navy
OS=Windows_NT
PROCESSOR_IDENTIFIER=x86 Family 6 Model 60 Stepping 3, GenuineIntel



---------------  S Y S T E M  ---------------

OS: Windows 7 Build 7601 (6.1.7601.23392)

CPU:total 4 (2 cores per cpu, 2 threads per core) family 6 model 60 stepping 3, cmov, cx8, fxsr, mmx, sse, sse2, sse3, ssse3, sse4.1, sse4.2, popcnt, avx, avx2, aes, clmul, erms, lzcnt, ht, tsc, tscinvbit, bmi1, bmi2

Memory: 4k page, physical 3537412k(76432k free), swap 10225360k(3762520k free)

vm_info: Java HotSpot(TM) Client VM (25.111-b14) for windows-x86 JRE (1.8.0_111-b14), built on Sep 22 2016 18:54:33 by "java_re" with MS VC++ 10.0 (VS2010)

time: Thu Dec 01 02:12:55 2016
elapsed time: 775 seconds (0d 0h 12m 55s)

